2023-08-18 16:00:00,526 DEBUG [http-nio-6001-exec-4][LogFormatUtils.java:91] - GET "/content/test/01", parameters={}
2023-08-18 16:00:00,526 DEBUG [http-nio-6001-exec-4][LogFormatUtils.java:91] - GET "/content/test/01", parameters={}
2023-08-18 16:00:00,535 DEBUG [http-nio-6001-exec-4][AbstractHandlerMapping.java:415] - Mapped to ResourceHttpRequestHandler ["classpath:/META-INF/resources/", "classpath:/resources/", "classpath:/static/", "classpath:/public/", "/"]
2023-08-18 16:00:00,535 DEBUG [http-nio-6001-exec-4][AbstractHandlerMapping.java:415] - Mapped to ResourceHttpRequestHandler ["classpath:/META-INF/resources/", "classpath:/resources/", "classpath:/static/", "classpath:/public/", "/"]
2023-08-18 16:00:00,536 DEBUG [http-nio-6001-exec-4][ResourceHttpRequestHandler.java:487] - Resource not found
2023-08-18 16:00:00,536 DEBUG [http-nio-6001-exec-4][ResourceHttpRequestHandler.java:487] - Resource not found
2023-08-18 16:00:00,536 DEBUG [http-nio-6001-exec-4][FrameworkServlet.java:1131] - Completed 404 NOT_FOUND
2023-08-18 16:00:00,536 DEBUG [http-nio-6001-exec-4][FrameworkServlet.java:1131] - Completed 404 NOT_FOUND
2023-08-18 16:00:00,537 DEBUG [http-nio-6001-exec-4][LogFormatUtils.java:91] - "ERROR" dispatch for GET "/content/error", parameters={}
2023-08-18 16:00:00,537 DEBUG [http-nio-6001-exec-4][LogFormatUtils.java:91] - "ERROR" dispatch for GET "/content/error", parameters={}
2023-08-18 16:00:00,538 DEBUG [http-nio-6001-exec-4][AbstractHandlerMapping.java:415] - Mapped to org.springframework.boot.autoconfigure.web.servlet.error.BasicErrorController#errorHtml(HttpServletRequest, HttpServletResponse)
2023-08-18 16:00:00,538 DEBUG [http-nio-6001-exec-4][AbstractHandlerMapping.java:415] - Mapped to org.springframework.boot.autoconfigure.web.servlet.error.BasicErrorController#errorHtml(HttpServletRequest, HttpServletResponse)
2023-08-18 16:00:00,540 DEBUG [http-nio-6001-exec-4][ContentNegotiatingViewResolver.java:348] - Selected 'text/html' given [text/html, text/html;q=0.8]
2023-08-18 16:00:00,540 DEBUG [http-nio-6001-exec-4][ContentNegotiatingViewResolver.java:348] - Selected 'text/html' given [text/html, text/html;q=0.8]
2023-08-18 16:00:00,540 DEBUG [http-nio-6001-exec-4][FrameworkServlet.java:1127] - Exiting from "ERROR" dispatch, status 404
2023-08-18 16:00:00,540 DEBUG [http-nio-6001-exec-4][FrameworkServlet.java:1127] - Exiting from "ERROR" dispatch, status 404
2023-08-18 16:00:00,693 DEBUG [http-nio-6001-exec-3][LogFormatUtils.java:91] - GET "/content/test/01", parameters={}
2023-08-18 16:00:00,693 DEBUG [http-nio-6001-exec-3][LogFormatUtils.java:91] - GET "/content/test/01", parameters={}
2023-08-18 16:00:00,694 DEBUG [http-nio-6001-exec-3][AbstractHandlerMapping.java:415] - Mapped to ResourceHttpRequestHandler ["classpath:/META-INF/resources/", "classpath:/resources/", "classpath:/static/", "classpath:/public/", "/"]
2023-08-18 16:00:00,694 DEBUG [http-nio-6001-exec-3][AbstractHandlerMapping.java:415] - Mapped to ResourceHttpRequestHandler ["classpath:/META-INF/resources/", "classpath:/resources/", "classpath:/static/", "classpath:/public/", "/"]
2023-08-18 16:00:00,695 DEBUG [http-nio-6001-exec-3][ResourceHttpRequestHandler.java:487] - Resource not found
2023-08-18 16:00:00,695 DEBUG [http-nio-6001-exec-3][ResourceHttpRequestHandler.java:487] - Resource not found
2023-08-18 16:00:00,696 DEBUG [http-nio-6001-exec-3][FrameworkServlet.java:1131] - Completed 404 NOT_FOUND
2023-08-18 16:00:00,696 DEBUG [http-nio-6001-exec-3][FrameworkServlet.java:1131] - Completed 404 NOT_FOUND
2023-08-18 16:00:00,696 DEBUG [http-nio-6001-exec-3][LogFormatUtils.java:91] - "ERROR" dispatch for GET "/content/error", parameters={}
2023-08-18 16:00:00,696 DEBUG [http-nio-6001-exec-3][LogFormatUtils.java:91] - "ERROR" dispatch for GET "/content/error", parameters={}
2023-08-18 16:00:00,697 DEBUG [http-nio-6001-exec-3][AbstractHandlerMapping.java:415] - Mapped to org.springframework.boot.autoconfigure.web.servlet.error.BasicErrorController#errorHtml(HttpServletRequest, HttpServletResponse)
2023-08-18 16:00:00,697 DEBUG [http-nio-6001-exec-3][AbstractHandlerMapping.java:415] - Mapped to org.springframework.boot.autoconfigure.web.servlet.error.BasicErrorController#errorHtml(HttpServletRequest, HttpServletResponse)
2023-08-18 16:00:00,698 DEBUG [http-nio-6001-exec-3][ContentNegotiatingViewResolver.java:348] - Selected 'text/html' given [text/html, text/html;q=0.8]
2023-08-18 16:00:00,698 DEBUG [http-nio-6001-exec-3][ContentNegotiatingViewResolver.java:348] - Selected 'text/html' given [text/html, text/html;q=0.8]
2023-08-18 16:00:00,699 DEBUG [http-nio-6001-exec-3][FrameworkServlet.java:1127] - Exiting from "ERROR" dispatch, status 404
2023-08-18 16:00:00,699 DEBUG [http-nio-6001-exec-3][FrameworkServlet.java:1127] - Exiting from "ERROR" dispatch, status 404
2023-08-18 16:00:00,867 DEBUG [http-nio-6001-exec-5][LogFormatUtils.java:91] - GET "/content/test/01", parameters={}
2023-08-18 16:00:00,867 DEBUG [http-nio-6001-exec-5][LogFormatUtils.java:91] - GET "/content/test/01", parameters={}
2023-08-18 16:00:00,868 DEBUG [http-nio-6001-exec-5][AbstractHandlerMapping.java:415] - Mapped to ResourceHttpRequestHandler ["classpath:/META-INF/resources/", "classpath:/resources/", "classpath:/static/", "classpath:/public/", "/"]
2023-08-18 16:00:00,868 DEBUG [http-nio-6001-exec-5][AbstractHandlerMapping.java:415] - Mapped to ResourceHttpRequestHandler ["classpath:/META-INF/resources/", "classpath:/resources/", "classpath:/static/", "classpath:/public/", "/"]
2023-08-18 16:00:00,869 DEBUG [http-nio-6001-exec-5][ResourceHttpRequestHandler.java:487] - Resource not found
2023-08-18 16:00:00,869 DEBUG [http-nio-6001-exec-5][ResourceHttpRequestHandler.java:487] - Resource not found
2023-08-18 16:00:00,869 DEBUG [http-nio-6001-exec-5][FrameworkServlet.java:1131] - Completed 404 NOT_FOUND
2023-08-18 16:00:00,869 DEBUG [http-nio-6001-exec-5][FrameworkServlet.java:1131] - Completed 404 NOT_FOUND
2023-08-18 16:00:00,870 DEBUG [http-nio-6001-exec-5][LogFormatUtils.java:91] - "ERROR" dispatch for GET "/content/error", parameters={}
2023-08-18 16:00:00,870 DEBUG [http-nio-6001-exec-5][LogFormatUtils.java:91] - "ERROR" dispatch for GET "/content/error", parameters={}
2023-08-18 16:00:00,871 DEBUG [http-nio-6001-exec-5][AbstractHandlerMapping.java:415] - Mapped to org.springframework.boot.autoconfigure.web.servlet.error.BasicErrorController#errorHtml(HttpServletRequest, HttpServletResponse)
2023-08-18 16:00:00,871 DEBUG [http-nio-6001-exec-5][AbstractHandlerMapping.java:415] - Mapped to org.springframework.boot.autoconfigure.web.servlet.error.BasicErrorController#errorHtml(HttpServletRequest, HttpServletResponse)
2023-08-18 16:00:00,873 DEBUG [http-nio-6001-exec-5][ContentNegotiatingViewResolver.java:348] - Selected 'text/html' given [text/html, text/html;q=0.8]
2023-08-18 16:00:00,873 DEBUG [http-nio-6001-exec-5][ContentNegotiatingViewResolver.java:348] - Selected 'text/html' given [text/html, text/html;q=0.8]
2023-08-18 16:00:00,873 DEBUG [http-nio-6001-exec-5][FrameworkServlet.java:1127] - Exiting from "ERROR" dispatch, status 404
2023-08-18 16:00:00,873 DEBUG [http-nio-6001-exec-5][FrameworkServlet.java:1127] - Exiting from "ERROR" dispatch, status 404
2023-08-18 16:00:00,915 DEBUG [com.alibaba.nacos.naming.failover][FailoverReactor.java:147] - failover switch is not found, failover00-00---000-VIPSRV_FAILOVER_SWITCH-000---00-00
2023-08-18 16:00:00,915 DEBUG [com.alibaba.nacos.naming.failover][FailoverReactor.java:147] - failover switch is not found, failover00-00---000-VIPSRV_FAILOVER_SWITCH-000---00-00
2023-08-18 16:00:01,012 DEBUG [com.alibaba.nacos.naming.failover][FailoverReactor.java:147] - failover switch is not found, failover00-00---000-VIPSRV_FAILOVER_SWITCH-000---00-00
2023-08-18 16:00:01,012 DEBUG [com.alibaba.nacos.naming.failover][FailoverReactor.java:147] - failover switch is not found, failover00-00---000-VIPSRV_FAILOVER_SWITCH-000---00-00
2023-08-18 16:00:01,216 DEBUG [http-nio-6001-exec-6][LogFormatUtils.java:91] - GET "/content/test/01", parameters={}
2023-08-18 16:00:01,216 DEBUG [http-nio-6001-exec-6][LogFormatUtils.java:91] - GET "/content/test/01", parameters={}
2023-08-18 16:00:01,217 DEBUG [http-nio-6001-exec-6][AbstractHandlerMapping.java:415] - Mapped to ResourceHttpRequestHandler ["classpath:/META-INF/resources/", "classpath:/resources/", "classpath:/static/", "classpath:/public/", "/"]
2023-08-18 16:00:01,217 DEBUG [http-nio-6001-exec-6][AbstractHandlerMapping.java:415] - Mapped to ResourceHttpRequestHandler ["classpath:/META-INF/resources/", "classpath:/resources/", "classpath:/static/", "classpath:/public/", "/"]
2023-08-18 16:00:01,219 DEBUG [http-nio-6001-exec-6][ResourceHttpRequestHandler.java:487] - Resource not found
2023-08-18 16:00:01,219 DEBUG [http-nio-6001-exec-6][ResourceHttpRequestHandler.java:487] - Resource not found
2023-08-18 16:00:01,220 DEBUG [http-nio-6001-exec-6][FrameworkServlet.java:1131] - Completed 404 NOT_FOUND
2023-08-18 16:00:01,220 DEBUG [http-nio-6001-exec-6][FrameworkServlet.java:1131] - Completed 404 NOT_FOUND
2023-08-18 16:00:01,220 DEBUG [http-nio-6001-exec-6][LogFormatUtils.java:91] - "ERROR" dispatch for GET "/content/error", parameters={}
2023-08-18 16:00:01,220 DEBUG [http-nio-6001-exec-6][LogFormatUtils.java:91] - "ERROR" dispatch for GET "/content/error", parameters={}
2023-08-18 16:00:01,221 DEBUG [http-nio-6001-exec-6][AbstractHandlerMapping.java:415] - Mapped to org.springframework.boot.autoconfigure.web.servlet.error.BasicErrorController#errorHtml(HttpServletRequest, HttpServletResponse)
2023-08-18 16:00:01,221 DEBUG [http-nio-6001-exec-6][AbstractHandlerMapping.java:415] - Mapped to org.springframework.boot.autoconfigure.web.servlet.error.BasicErrorController#errorHtml(HttpServletRequest, HttpServletResponse)
2023-08-18 16:00:01,223 DEBUG [http-nio-6001-exec-6][ContentNegotiatingViewResolver.java:348] - Selected 'text/html' given [text/html, text/html;q=0.8]
2023-08-18 16:00:01,223 DEBUG [http-nio-6001-exec-6][ContentNegotiatingViewResolver.java:348] - Selected 'text/html' given [text/html, text/html;q=0.8]
2023-08-18 16:00:01,223 DEBUG [http-nio-6001-exec-6][FrameworkServlet.java:1127] - Exiting from "ERROR" dispatch, status 404
2023-08-18 16:00:01,223 DEBUG [http-nio-6001-exec-6][FrameworkServlet.java:1127] - Exiting from "ERROR" dispatch, status 404
2023-08-18 16:00:01,400 DEBUG [http-nio-6001-exec-2][LogFormatUtils.java:91] - GET "/content/test/01", parameters={}
2023-08-18 16:00:01,400 DEBUG [http-nio-6001-exec-2][LogFormatUtils.java:91] - GET "/content/test/01", parameters={}
2023-08-18 16:00:01,401 DEBUG [http-nio-6001-exec-2][AbstractHandlerMapping.java:415] - Mapped to ResourceHttpRequestHandler ["classpath:/META-INF/resources/", "classpath:/resources/", "classpath:/static/", "classpath:/public/", "/"]
2023-08-18 16:00:01,401 DEBUG [http-nio-6001-exec-2][AbstractHandlerMapping.java:415] - Mapped to ResourceHttpRequestHandler ["classpath:/META-INF/resources/", "classpath:/resources/", "classpath:/static/", "classpath:/public/", "/"]
2023-08-18 16:00:01,402 DEBUG [http-nio-6001-exec-2][ResourceHttpRequestHandler.java:487] - Resource not found
2023-08-18 16:00:01,402 DEBUG [http-nio-6001-exec-2][ResourceHttpRequestHandler.java:487] - Resource not found
2023-08-18 16:00:01,402 DEBUG [http-nio-6001-exec-2][FrameworkServlet.java:1131] - Completed 404 NOT_FOUND
2023-08-18 16:00:01,402 DEBUG [http-nio-6001-exec-2][FrameworkServlet.java:1131] - Completed 404 NOT_FOUND
2023-08-18 16:00:01,403 DEBUG [http-nio-6001-exec-2][LogFormatUtils.java:91] - "ERROR" dispatch for GET "/content/error", parameters={}
2023-08-18 16:00:01,403 DEBUG [http-nio-6001-exec-2][LogFormatUtils.java:91] - "ERROR" dispatch for GET "/content/error", parameters={}
2023-08-18 16:00:01,404 DEBUG [http-nio-6001-exec-2][AbstractHandlerMapping.java:415] - Mapped to org.springframework.boot.autoconfigure.web.servlet.error.BasicErrorController#errorHtml(HttpServletRequest, HttpServletResponse)
2023-08-18 16:00:01,404 DEBUG [http-nio-6001-exec-2][AbstractHandlerMapping.java:415] - Mapped to org.springframework.boot.autoconfigure.web.servlet.error.BasicErrorController#errorHtml(HttpServletRequest, HttpServletResponse)
2023-08-18 16:00:01,406 DEBUG [http-nio-6001-exec-2][ContentNegotiatingViewResolver.java:348] - Selected 'text/html' given [text/html, text/html;q=0.8]
2023-08-18 16:00:01,406 DEBUG [http-nio-6001-exec-2][ContentNegotiatingViewResolver.java:348] - Selected 'text/html' given [text/html, text/html;q=0.8]
2023-08-18 16:00:01,406 DEBUG [http-nio-6001-exec-2][FrameworkServlet.java:1127] - Exiting from "ERROR" dispatch, status 404
2023-08-18 16:00:01,406 DEBUG [http-nio-6001-exec-2][FrameworkServlet.java:1127] - Exiting from "ERROR" dispatch, status 404
