2023-08-09 11:17:24,982 DEBUG [background-preinit][LoggerProviders.java:152] - Logging Provider: org.jboss.logging.Log4j2LoggerProvider
2023-08-09 11:17:24,982 DEBUG [background-preinit][LoggerProviders.java:152] - Logging Provider: org.jboss.logging.Log4j2LoggerProvider
2023-08-09 11:17:24,994 INFO [background-preinit][Version.java:21] - HV000001: Hibernate Validator 6.1.6.Final
2023-08-09 11:17:24,994 INFO [background-preinit][Version.java:21] - HV000001: Hibernate Validator 6.1.6.Final
2023-08-09 11:17:25,001 DEBUG [background-preinit][ValidationXmlParser.java:120] - Trying to load META-INF/validation.xml for XML based Validator configuration.
2023-08-09 11:17:25,001 DEBUG [background-preinit][ValidationXmlParser.java:120] - Trying to load META-INF/validation.xml for XML based Validator configuration.
2023-08-09 11:17:25,004 DEBUG [background-preinit][ResourceLoaderHelper.java:60] - Trying to load META-INF/validation.xml via TCCL
2023-08-09 11:17:25,004 DEBUG [background-preinit][ResourceLoaderHelper.java:60] - Trying to load META-INF/validation.xml via TCCL
2023-08-09 11:17:25,005 DEBUG [background-preinit][ResourceLoaderHelper.java:66] - Trying to load META-INF/validation.xml via Hibernate Validator's class loader
2023-08-09 11:17:25,005 DEBUG [background-preinit][ResourceLoaderHelper.java:66] - Trying to load META-INF/validation.xml via Hibernate Validator's class loader
2023-08-09 11:17:25,005 DEBUG [background-preinit][ValidationXmlParser.java:127] - No META-INF/validation.xml found. Using annotation based configuration only.
2023-08-09 11:17:25,005 DEBUG [background-preinit][ValidationXmlParser.java:127] - No META-INF/validation.xml found. Using annotation based configuration only.
2023-08-09 11:17:25,009 DEBUG [background-preinit][TraversableResolvers.java:60] - Cannot find javax.persistence.Persistence on classpath. Assuming non JPA 2 environment. All properties will per default be traversable.
2023-08-09 11:17:25,009 DEBUG [background-preinit][TraversableResolvers.java:60] - Cannot find javax.persistence.Persistence on classpath. Assuming non JPA 2 environment. All properties will per default be traversable.
2023-08-09 11:17:25,027 DEBUG [background-preinit][ResourceBundleMessageInterpolator.java:172] - Loaded expression factory via original TCCL
2023-08-09 11:17:25,027 DEBUG [background-preinit][ResourceBundleMessageInterpolator.java:172] - Loaded expression factory via original TCCL
2023-08-09 11:17:25,160 DEBUG [background-preinit][ValidatorFactoryConfigurationHelper.java:300] - HV000252: Using org.hibernate.validator.internal.engine.DefaultPropertyNodeNameProvider as property node name provider.
2023-08-09 11:17:25,160 DEBUG [background-preinit][ValidatorFactoryConfigurationHelper.java:300] - HV000252: Using org.hibernate.validator.internal.engine.DefaultPropertyNodeNameProvider as property node name provider.
2023-08-09 11:17:25,165 DEBUG [background-preinit][ValidatorFactoryConfigurationHelper.java:375] - HV000234: Using org.hibernate.validator.messageinterpolation.ResourceBundleMessageInterpolator as ValidatorFactory-scoped message interpolator.
2023-08-09 11:17:25,165 DEBUG [background-preinit][ValidatorFactoryConfigurationHelper.java:375] - HV000234: Using org.hibernate.validator.messageinterpolation.ResourceBundleMessageInterpolator as ValidatorFactory-scoped message interpolator.
2023-08-09 11:17:25,165 DEBUG [background-preinit][ValidatorFactoryConfigurationHelper.java:376] - HV000234: Using org.hibernate.validator.internal.engine.resolver.TraverseAllTraversableResolver as ValidatorFactory-scoped traversable resolver.
2023-08-09 11:17:25,165 DEBUG [background-preinit][ValidatorFactoryConfigurationHelper.java:376] - HV000234: Using org.hibernate.validator.internal.engine.resolver.TraverseAllTraversableResolver as ValidatorFactory-scoped traversable resolver.
2023-08-09 11:17:25,165 DEBUG [background-preinit][ValidatorFactoryConfigurationHelper.java:377] - HV000234: Using org.hibernate.validator.internal.util.ExecutableParameterNameProvider as ValidatorFactory-scoped parameter name provider.
2023-08-09 11:17:25,165 DEBUG [background-preinit][ValidatorFactoryConfigurationHelper.java:377] - HV000234: Using org.hibernate.validator.internal.util.ExecutableParameterNameProvider as ValidatorFactory-scoped parameter name provider.
2023-08-09 11:17:25,165 DEBUG [background-preinit][ValidatorFactoryConfigurationHelper.java:378] - HV000234: Using org.hibernate.validator.internal.engine.DefaultClockProvider as ValidatorFactory-scoped clock provider.
2023-08-09 11:17:25,165 DEBUG [background-preinit][ValidatorFactoryConfigurationHelper.java:378] - HV000234: Using org.hibernate.validator.internal.engine.DefaultClockProvider as ValidatorFactory-scoped clock provider.
2023-08-09 11:17:25,165 DEBUG [background-preinit][ValidatorFactoryConfigurationHelper.java:379] - HV000234: Using org.hibernate.validator.internal.engine.scripting.DefaultScriptEvaluatorFactory as ValidatorFactory-scoped script evaluator factory.
2023-08-09 11:17:25,165 DEBUG [background-preinit][ValidatorFactoryConfigurationHelper.java:379] - HV000234: Using org.hibernate.validator.internal.engine.scripting.DefaultScriptEvaluatorFactory as ValidatorFactory-scoped script evaluator factory.
2023-08-09 11:17:25,353 INFO [main][SpringApplication.java:651] - No active profile set, falling back to default profiles: default
2023-08-09 11:17:25,353 INFO [main][SpringApplication.java:651] - No active profile set, falling back to default profiles: default
2023-08-09 11:17:26,003 DEBUG [main][LogFactory.java:105] - Logging initialized using 'class org.apache.ibatis.logging.slf4j.Slf4jImpl' adapter.
2023-08-09 11:17:26,003 DEBUG [main][LogFactory.java:105] - Logging initialized using 'class org.apache.ibatis.logging.slf4j.Slf4jImpl' adapter.
2023-08-09 11:17:26,073 INFO [main][GenericScope.java:295] - BeanFactory id=efdad792-de35-3d62-8ff1-f74a42cf11b9
2023-08-09 11:17:26,073 INFO [main][GenericScope.java:295] - BeanFactory id=efdad792-de35-3d62-8ff1-f74a42cf11b9
2023-08-09 11:17:26,363 INFO [main][TomcatWebServer.java:108] - Tomcat initialized with port(s): 6002 (http)
2023-08-09 11:17:26,363 INFO [main][TomcatWebServer.java:108] - Tomcat initialized with port(s): 6002 (http)
2023-08-09 11:17:26,370 INFO [main][DirectJDKLog.java:173] - Initializing ProtocolHandler ["http-nio-6002"]
2023-08-09 11:17:26,370 INFO [main][DirectJDKLog.java:173] - Initializing ProtocolHandler ["http-nio-6002"]
2023-08-09 11:17:26,371 INFO [main][DirectJDKLog.java:173] - Starting service [Tomcat]
2023-08-09 11:17:26,371 INFO [main][DirectJDKLog.java:173] - Starting service [Tomcat]
2023-08-09 11:17:26,372 INFO [main][DirectJDKLog.java:173] - Starting Servlet engine: [Apache Tomcat/9.0.41]
2023-08-09 11:17:26,372 INFO [main][DirectJDKLog.java:173] - Starting Servlet engine: [Apache Tomcat/9.0.41]
2023-08-09 11:17:26,472 INFO [main][DirectJDKLog.java:173] - Initializing Spring embedded WebApplicationContext
2023-08-09 11:17:26,472 INFO [main][DirectJDKLog.java:173] - Initializing Spring embedded WebApplicationContext
2023-08-09 11:17:26,472 INFO [main][ServletWebServerApplicationContext.java:285] - Root WebApplicationContext: initialization completed in 1107 ms
2023-08-09 11:17:26,472 INFO [main][ServletWebServerApplicationContext.java:285] - Root WebApplicationContext: initialization completed in 1107 ms
2023-08-09 11:17:26,613 DEBUG [main][HikariConfig.java:946] - Driver class com.mysql.cj.jdbc.Driver found in Thread context class loader sun.misc.Launcher$AppClassLoader@18b4aac2
2023-08-09 11:17:26,613 DEBUG [main][HikariConfig.java:946] - Driver class com.mysql.cj.jdbc.Driver found in Thread context class loader sun.misc.Launcher$AppClassLoader@18b4aac2
2023-08-09 11:17:26,653 DEBUG [main][Logger.java:49] - Registered plugin: 'com.baomidou.mybatisplus.extension.plugins.MybatisPlusInterceptor@2f897dab'
2023-08-09 11:17:26,653 DEBUG [main][Logger.java:49] - Registered plugin: 'com.baomidou.mybatisplus.extension.plugins.MybatisPlusInterceptor@2f897dab'
2023-08-09 11:17:26,654 DEBUG [main][Logger.java:49] - Property 'mapperLocations' was not specified.
2023-08-09 11:17:26,654 DEBUG [main][Logger.java:49] - Property 'mapperLocations' was not specified.
2023-08-09 11:17:27,128 DEBUG [main][MybatisConfiguration.java:128] - addMappedStatement: com.xuecheng.system.mapper.DictionaryMapper.insert
2023-08-09 11:17:27,128 DEBUG [main][MybatisConfiguration.java:128] - addMappedStatement: com.xuecheng.system.mapper.DictionaryMapper.insert
2023-08-09 11:17:27,133 DEBUG [main][MybatisConfiguration.java:128] - addMappedStatement: com.xuecheng.system.mapper.DictionaryMapper.delete
2023-08-09 11:17:27,133 DEBUG [main][MybatisConfiguration.java:128] - addMappedStatement: com.xuecheng.system.mapper.DictionaryMapper.delete
2023-08-09 11:17:27,136 DEBUG [main][MybatisConfiguration.java:128] - addMappedStatement: com.xuecheng.system.mapper.DictionaryMapper.deleteByMap
2023-08-09 11:17:27,136 DEBUG [main][MybatisConfiguration.java:128] - addMappedStatement: com.xuecheng.system.mapper.DictionaryMapper.deleteByMap
2023-08-09 11:17:27,160 DEBUG [main][MybatisConfiguration.java:128] - addMappedStatement: com.xuecheng.system.mapper.DictionaryMapper.deleteById
2023-08-09 11:17:27,160 DEBUG [main][MybatisConfiguration.java:128] - addMappedStatement: com.xuecheng.system.mapper.DictionaryMapper.deleteById
2023-08-09 11:17:27,162 DEBUG [main][MybatisConfiguration.java:128] - addMappedStatement: com.xuecheng.system.mapper.DictionaryMapper.deleteBatchIds
2023-08-09 11:17:27,162 DEBUG [main][MybatisConfiguration.java:128] - addMappedStatement: com.xuecheng.system.mapper.DictionaryMapper.deleteBatchIds
2023-08-09 11:17:27,165 DEBUG [main][MybatisConfiguration.java:128] - addMappedStatement: com.xuecheng.system.mapper.DictionaryMapper.update
2023-08-09 11:17:27,165 DEBUG [main][MybatisConfiguration.java:128] - addMappedStatement: com.xuecheng.system.mapper.DictionaryMapper.update
2023-08-09 11:17:27,166 DEBUG [main][MybatisConfiguration.java:128] - addMappedStatement: com.xuecheng.system.mapper.DictionaryMapper.updateById
2023-08-09 11:17:27,166 DEBUG [main][MybatisConfiguration.java:128] - addMappedStatement: com.xuecheng.system.mapper.DictionaryMapper.updateById
2023-08-09 11:17:27,167 DEBUG [main][MybatisConfiguration.java:128] - addMappedStatement: com.xuecheng.system.mapper.DictionaryMapper.selectById
2023-08-09 11:17:27,167 DEBUG [main][MybatisConfiguration.java:128] - addMappedStatement: com.xuecheng.system.mapper.DictionaryMapper.selectById
2023-08-09 11:17:27,169 DEBUG [main][MybatisConfiguration.java:128] - addMappedStatement: com.xuecheng.system.mapper.DictionaryMapper.selectBatchIds
2023-08-09 11:17:27,169 DEBUG [main][MybatisConfiguration.java:128] - addMappedStatement: com.xuecheng.system.mapper.DictionaryMapper.selectBatchIds
2023-08-09 11:17:27,170 DEBUG [main][MybatisConfiguration.java:128] - addMappedStatement: com.xuecheng.system.mapper.DictionaryMapper.selectByMap
2023-08-09 11:17:27,170 DEBUG [main][MybatisConfiguration.java:128] - addMappedStatement: com.xuecheng.system.mapper.DictionaryMapper.selectByMap
2023-08-09 11:17:27,172 DEBUG [main][MybatisConfiguration.java:128] - addMappedStatement: com.xuecheng.system.mapper.DictionaryMapper.selectOne
2023-08-09 11:17:27,172 DEBUG [main][MybatisConfiguration.java:128] - addMappedStatement: com.xuecheng.system.mapper.DictionaryMapper.selectOne
2023-08-09 11:17:27,175 DEBUG [main][MybatisConfiguration.java:128] - addMappedStatement: com.xuecheng.system.mapper.DictionaryMapper.selectCount
2023-08-09 11:17:27,175 DEBUG [main][MybatisConfiguration.java:128] - addMappedStatement: com.xuecheng.system.mapper.DictionaryMapper.selectCount
2023-08-09 11:17:27,177 DEBUG [main][MybatisConfiguration.java:128] - addMappedStatement: com.xuecheng.system.mapper.DictionaryMapper.selectMaps
2023-08-09 11:17:27,177 DEBUG [main][MybatisConfiguration.java:128] - addMappedStatement: com.xuecheng.system.mapper.DictionaryMapper.selectMaps
2023-08-09 11:17:27,179 DEBUG [main][MybatisConfiguration.java:128] - addMappedStatement: com.xuecheng.system.mapper.DictionaryMapper.selectMapsPage
2023-08-09 11:17:27,179 DEBUG [main][MybatisConfiguration.java:128] - addMappedStatement: com.xuecheng.system.mapper.DictionaryMapper.selectMapsPage
2023-08-09 11:17:27,182 DEBUG [main][MybatisConfiguration.java:128] - addMappedStatement: com.xuecheng.system.mapper.DictionaryMapper.selectObjs
2023-08-09 11:17:27,182 DEBUG [main][MybatisConfiguration.java:128] - addMappedStatement: com.xuecheng.system.mapper.DictionaryMapper.selectObjs
2023-08-09 11:17:27,184 DEBUG [main][MybatisConfiguration.java:128] - addMappedStatement: com.xuecheng.system.mapper.DictionaryMapper.selectList
2023-08-09 11:17:27,184 DEBUG [main][MybatisConfiguration.java:128] - addMappedStatement: com.xuecheng.system.mapper.DictionaryMapper.selectList
2023-08-09 11:17:27,186 DEBUG [main][MybatisConfiguration.java:128] - addMappedStatement: com.xuecheng.system.mapper.DictionaryMapper.selectPage
2023-08-09 11:17:27,186 DEBUG [main][MybatisConfiguration.java:128] - addMappedStatement: com.xuecheng.system.mapper.DictionaryMapper.selectPage
2023-08-09 11:17:27,531 INFO [main][PropertySourcedRequestMappingHandlerMapping.java:69] - Mapped URL path [/v2/api-docs] onto method [springfox.documentation.swagger2.web.Swagger2Controller#getDocumentation(String, HttpServletRequest)]
2023-08-09 11:17:27,531 INFO [main][PropertySourcedRequestMappingHandlerMapping.java:69] - Mapped URL path [/v2/api-docs] onto method [springfox.documentation.swagger2.web.Swagger2Controller#getDocumentation(String, HttpServletRequest)]
2023-08-09 11:17:27,561 DEBUG [main][ResourceBundleMessageInterpolator.java:172] - Loaded expression factory via original TCCL
2023-08-09 11:17:27,561 DEBUG [main][ResourceBundleMessageInterpolator.java:172] - Loaded expression factory via original TCCL
2023-08-09 11:17:27,563 DEBUG [main][AbstractConfigurationImpl.java:171] - Setting custom MessageInterpolator of type org.springframework.validation.beanvalidation.LocaleContextMessageInterpolator
2023-08-09 11:17:27,563 DEBUG [main][AbstractConfigurationImpl.java:171] - Setting custom MessageInterpolator of type org.springframework.validation.beanvalidation.LocaleContextMessageInterpolator
2023-08-09 11:17:27,563 DEBUG [main][AbstractConfigurationImpl.java:203] - Setting custom ConstraintValidatorFactory of type org.springframework.validation.beanvalidation.SpringConstraintValidatorFactory
2023-08-09 11:17:27,563 DEBUG [main][AbstractConfigurationImpl.java:203] - Setting custom ConstraintValidatorFactory of type org.springframework.validation.beanvalidation.SpringConstraintValidatorFactory
2023-08-09 11:17:27,563 DEBUG [main][AbstractConfigurationImpl.java:217] - Setting custom ParameterNameProvider of type org.springframework.validation.beanvalidation.LocalValidatorFactoryBean$1
2023-08-09 11:17:27,563 DEBUG [main][AbstractConfigurationImpl.java:217] - Setting custom ParameterNameProvider of type org.springframework.validation.beanvalidation.LocalValidatorFactoryBean$1
2023-08-09 11:17:27,564 DEBUG [main][ValidationXmlParser.java:120] - Trying to load META-INF/validation.xml for XML based Validator configuration.
2023-08-09 11:17:27,564 DEBUG [main][ValidationXmlParser.java:120] - Trying to load META-INF/validation.xml for XML based Validator configuration.
2023-08-09 11:17:27,565 DEBUG [main][ResourceLoaderHelper.java:53] - Trying to load META-INF/validation.xml via user class loader
2023-08-09 11:17:27,565 DEBUG [main][ResourceLoaderHelper.java:53] - Trying to load META-INF/validation.xml via user class loader
2023-08-09 11:17:27,565 DEBUG [main][ResourceLoaderHelper.java:60] - Trying to load META-INF/validation.xml via TCCL
2023-08-09 11:17:27,565 DEBUG [main][ResourceLoaderHelper.java:60] - Trying to load META-INF/validation.xml via TCCL
2023-08-09 11:17:27,565 DEBUG [main][ResourceLoaderHelper.java:66] - Trying to load META-INF/validation.xml via Hibernate Validator's class loader
2023-08-09 11:17:27,565 DEBUG [main][ResourceLoaderHelper.java:66] - Trying to load META-INF/validation.xml via Hibernate Validator's class loader
2023-08-09 11:17:27,565 DEBUG [main][ValidationXmlParser.java:127] - No META-INF/validation.xml found. Using annotation based configuration only.
2023-08-09 11:17:27,565 DEBUG [main][ValidationXmlParser.java:127] - No META-INF/validation.xml found. Using annotation based configuration only.
2023-08-09 11:17:27,566 DEBUG [main][TraversableResolvers.java:60] - Cannot find javax.persistence.Persistence on classpath. Assuming non JPA 2 environment. All properties will per default be traversable.
2023-08-09 11:17:27,566 DEBUG [main][TraversableResolvers.java:60] - Cannot find javax.persistence.Persistence on classpath. Assuming non JPA 2 environment. All properties will per default be traversable.
2023-08-09 11:17:27,568 DEBUG [main][ValidatorFactoryConfigurationHelper.java:300] - HV000252: Using org.hibernate.validator.internal.engine.DefaultPropertyNodeNameProvider as property node name provider.
2023-08-09 11:17:27,568 DEBUG [main][ValidatorFactoryConfigurationHelper.java:300] - HV000252: Using org.hibernate.validator.internal.engine.DefaultPropertyNodeNameProvider as property node name provider.
2023-08-09 11:17:27,568 DEBUG [main][ValidatorFactoryConfigurationHelper.java:375] - HV000234: Using org.springframework.validation.beanvalidation.LocaleContextMessageInterpolator as ValidatorFactory-scoped message interpolator.
2023-08-09 11:17:27,568 DEBUG [main][ValidatorFactoryConfigurationHelper.java:375] - HV000234: Using org.springframework.validation.beanvalidation.LocaleContextMessageInterpolator as ValidatorFactory-scoped message interpolator.
2023-08-09 11:17:27,568 DEBUG [main][ValidatorFactoryConfigurationHelper.java:376] - HV000234: Using org.hibernate.validator.internal.engine.resolver.TraverseAllTraversableResolver as ValidatorFactory-scoped traversable resolver.
2023-08-09 11:17:27,568 DEBUG [main][ValidatorFactoryConfigurationHelper.java:376] - HV000234: Using org.hibernate.validator.internal.engine.resolver.TraverseAllTraversableResolver as ValidatorFactory-scoped traversable resolver.
2023-08-09 11:17:27,568 DEBUG [main][ValidatorFactoryConfigurationHelper.java:377] - HV000234: Using org.hibernate.validator.internal.util.ExecutableParameterNameProvider as ValidatorFactory-scoped parameter name provider.
2023-08-09 11:17:27,568 DEBUG [main][ValidatorFactoryConfigurationHelper.java:377] - HV000234: Using org.hibernate.validator.internal.util.ExecutableParameterNameProvider as ValidatorFactory-scoped parameter name provider.
2023-08-09 11:17:27,568 DEBUG [main][ValidatorFactoryConfigurationHelper.java:378] - HV000234: Using org.hibernate.validator.internal.engine.DefaultClockProvider as ValidatorFactory-scoped clock provider.
2023-08-09 11:17:27,568 DEBUG [main][ValidatorFactoryConfigurationHelper.java:378] - HV000234: Using org.hibernate.validator.internal.engine.DefaultClockProvider as ValidatorFactory-scoped clock provider.
2023-08-09 11:17:27,569 DEBUG [main][ValidatorFactoryConfigurationHelper.java:379] - HV000234: Using org.hibernate.validator.internal.engine.scripting.DefaultScriptEvaluatorFactory as ValidatorFactory-scoped script evaluator factory.
2023-08-09 11:17:27,569 DEBUG [main][ValidatorFactoryConfigurationHelper.java:379] - HV000234: Using org.hibernate.validator.internal.engine.scripting.DefaultScriptEvaluatorFactory as ValidatorFactory-scoped script evaluator factory.
2023-08-09 11:17:27,621 INFO [main][ExecutorConfigurationSupport.java:181] - Initializing ExecutorService 'applicationTaskExecutor'
2023-08-09 11:17:27,621 INFO [main][ExecutorConfigurationSupport.java:181] - Initializing ExecutorService 'applicationTaskExecutor'
2023-08-09 11:17:27,716 INFO [main][ExecutorConfigurationSupport.java:181] - Initializing ExecutorService 'taskScheduler'
2023-08-09 11:17:27,716 INFO [main][ExecutorConfigurationSupport.java:181] - Initializing ExecutorService 'taskScheduler'
2023-08-09 11:17:27,777 INFO [main][DirectJDKLog.java:173] - Starting ProtocolHandler ["http-nio-6002"]
2023-08-09 11:17:27,777 INFO [main][DirectJDKLog.java:173] - Starting ProtocolHandler ["http-nio-6002"]
2023-08-09 11:17:27,793 INFO [main][TomcatWebServer.java:220] - Tomcat started on port(s): 6002 (http) with context path '/system'
2023-08-09 11:17:27,793 INFO [main][TomcatWebServer.java:220] - Tomcat started on port(s): 6002 (http) with context path '/system'
2023-08-09 11:17:27,794 INFO [main][DocumentationPluginsBootstrapper.java:160] - Context refreshed
2023-08-09 11:17:27,794 INFO [main][DocumentationPluginsBootstrapper.java:160] - Context refreshed
2023-08-09 11:17:27,804 INFO [main][DocumentationPluginsBootstrapper.java:163] - Found 1 custom documentation plugin(s)
2023-08-09 11:17:27,804 INFO [main][DocumentationPluginsBootstrapper.java:163] - Found 1 custom documentation plugin(s)
2023-08-09 11:17:27,829 INFO [main][ApiListingReferenceScanner.java:41] - Scanning for api listing references
2023-08-09 11:17:27,829 INFO [main][ApiListingReferenceScanner.java:41] - Scanning for api listing references
2023-08-09 11:17:27,969 INFO [main][StartupInfoLogger.java:61] - Started SystemApplication in 3.327 seconds (JVM running for 4.177)
2023-08-09 11:17:27,969 INFO [main][StartupInfoLogger.java:61] - Started SystemApplication in 3.327 seconds (JVM running for 4.177)
2023-08-09 11:17:54,106 INFO [http-nio-6002-exec-4][DirectJDKLog.java:173] - Initializing Spring DispatcherServlet 'dispatcherServlet'
2023-08-09 11:17:54,106 INFO [http-nio-6002-exec-4][DirectJDKLog.java:173] - Initializing Spring DispatcherServlet 'dispatcherServlet'
2023-08-09 11:17:54,107 INFO [http-nio-6002-exec-4][FrameworkServlet.java:525] - Initializing Servlet 'dispatcherServlet'
2023-08-09 11:17:54,107 INFO [http-nio-6002-exec-4][FrameworkServlet.java:525] - Initializing Servlet 'dispatcherServlet'
2023-08-09 11:17:54,118 INFO [http-nio-6002-exec-4][FrameworkServlet.java:547] - Completed initialization in 11 ms
2023-08-09 11:17:54,118 INFO [http-nio-6002-exec-4][FrameworkServlet.java:547] - Completed initialization in 11 ms
2023-08-09 11:17:54,216 DEBUG [http-nio-6002-exec-4][HikariConfig.java:1066] - HikariPool-1 - configuration:
2023-08-09 11:17:54,216 DEBUG [http-nio-6002-exec-4][HikariConfig.java:1066] - HikariPool-1 - configuration:
2023-08-09 11:17:54,218 DEBUG [http-nio-6002-exec-4][HikariConfig.java:1098] - allowPoolSuspension.............false
2023-08-09 11:17:54,218 DEBUG [http-nio-6002-exec-4][HikariConfig.java:1098] - allowPoolSuspension.............false
2023-08-09 11:17:54,218 DEBUG [http-nio-6002-exec-4][HikariConfig.java:1098] - autoCommit......................true
2023-08-09 11:17:54,218 DEBUG [http-nio-6002-exec-4][HikariConfig.java:1098] - autoCommit......................true
2023-08-09 11:17:54,219 DEBUG [http-nio-6002-exec-4][HikariConfig.java:1098] - catalog.........................none
2023-08-09 11:17:54,219 DEBUG [http-nio-6002-exec-4][HikariConfig.java:1098] - catalog.........................none
2023-08-09 11:17:54,219 DEBUG [http-nio-6002-exec-4][HikariConfig.java:1098] - connectionInitSql...............none
2023-08-09 11:17:54,219 DEBUG [http-nio-6002-exec-4][HikariConfig.java:1098] - connectionInitSql...............none
2023-08-09 11:17:54,219 DEBUG [http-nio-6002-exec-4][HikariConfig.java:1098] - connectionTestQuery.............none
2023-08-09 11:17:54,219 DEBUG [http-nio-6002-exec-4][HikariConfig.java:1098] - connectionTestQuery.............none
2023-08-09 11:17:54,220 DEBUG [http-nio-6002-exec-4][HikariConfig.java:1098] - connectionTimeout...............30000
2023-08-09 11:17:54,220 DEBUG [http-nio-6002-exec-4][HikariConfig.java:1098] - connectionTimeout...............30000
2023-08-09 11:17:54,220 DEBUG [http-nio-6002-exec-4][HikariConfig.java:1098] - dataSource......................none
2023-08-09 11:17:54,220 DEBUG [http-nio-6002-exec-4][HikariConfig.java:1098] - dataSource......................none
2023-08-09 11:17:54,221 DEBUG [http-nio-6002-exec-4][HikariConfig.java:1098] - dataSourceClassName.............none
2023-08-09 11:17:54,221 DEBUG [http-nio-6002-exec-4][HikariConfig.java:1098] - dataSourceClassName.............none
2023-08-09 11:17:54,221 DEBUG [http-nio-6002-exec-4][HikariConfig.java:1098] - dataSourceJNDI..................none
2023-08-09 11:17:54,221 DEBUG [http-nio-6002-exec-4][HikariConfig.java:1098] - dataSourceJNDI..................none
2023-08-09 11:17:54,222 DEBUG [http-nio-6002-exec-4][HikariConfig.java:1098] - dataSourceProperties............{password=<masked>}
2023-08-09 11:17:54,222 DEBUG [http-nio-6002-exec-4][HikariConfig.java:1098] - dataSourceProperties............{password=<masked>}
2023-08-09 11:17:54,223 DEBUG [http-nio-6002-exec-4][HikariConfig.java:1098] - driverClassName................."com.mysql.cj.jdbc.Driver"
2023-08-09 11:17:54,223 DEBUG [http-nio-6002-exec-4][HikariConfig.java:1098] - driverClassName................."com.mysql.cj.jdbc.Driver"
2023-08-09 11:17:54,223 DEBUG [http-nio-6002-exec-4][HikariConfig.java:1098] - exceptionOverrideClassName......none
2023-08-09 11:17:54,223 DEBUG [http-nio-6002-exec-4][HikariConfig.java:1098] - exceptionOverrideClassName......none
2023-08-09 11:17:54,223 DEBUG [http-nio-6002-exec-4][HikariConfig.java:1098] - healthCheckProperties...........{}
2023-08-09 11:17:54,223 DEBUG [http-nio-6002-exec-4][HikariConfig.java:1098] - healthCheckProperties...........{}
2023-08-09 11:17:54,223 DEBUG [http-nio-6002-exec-4][HikariConfig.java:1098] - healthCheckRegistry.............none
2023-08-09 11:17:54,223 DEBUG [http-nio-6002-exec-4][HikariConfig.java:1098] - healthCheckRegistry.............none
2023-08-09 11:17:54,224 DEBUG [http-nio-6002-exec-4][HikariConfig.java:1098] - idleTimeout.....................600000
2023-08-09 11:17:54,224 DEBUG [http-nio-6002-exec-4][HikariConfig.java:1098] - idleTimeout.....................600000
2023-08-09 11:17:54,224 DEBUG [http-nio-6002-exec-4][HikariConfig.java:1098] - initializationFailTimeout.......1
2023-08-09 11:17:54,224 DEBUG [http-nio-6002-exec-4][HikariConfig.java:1098] - initializationFailTimeout.......1
2023-08-09 11:17:54,225 DEBUG [http-nio-6002-exec-4][HikariConfig.java:1098] - isolateInternalQueries..........false
2023-08-09 11:17:54,225 DEBUG [http-nio-6002-exec-4][HikariConfig.java:1098] - isolateInternalQueries..........false
2023-08-09 11:17:54,225 DEBUG [http-nio-6002-exec-4][HikariConfig.java:1098] - jdbcUrl.........................jdbc:mysql://192.168.117.128:2222/xcplus_system?serverTimezone=UTC&userUnicode=true&useSSL=false&
2023-08-09 11:17:54,225 DEBUG [http-nio-6002-exec-4][HikariConfig.java:1098] - jdbcUrl.........................jdbc:mysql://192.168.117.128:2222/xcplus_system?serverTimezone=UTC&userUnicode=true&useSSL=false&
2023-08-09 11:17:54,225 DEBUG [http-nio-6002-exec-4][HikariConfig.java:1098] - leakDetectionThreshold..........0
2023-08-09 11:17:54,225 DEBUG [http-nio-6002-exec-4][HikariConfig.java:1098] - leakDetectionThreshold..........0
2023-08-09 11:17:54,226 DEBUG [http-nio-6002-exec-4][HikariConfig.java:1098] - maxLifetime.....................1800000
2023-08-09 11:17:54,226 DEBUG [http-nio-6002-exec-4][HikariConfig.java:1098] - maxLifetime.....................1800000
2023-08-09 11:17:54,226 DEBUG [http-nio-6002-exec-4][HikariConfig.java:1098] - maximumPoolSize.................10
2023-08-09 11:17:54,226 DEBUG [http-nio-6002-exec-4][HikariConfig.java:1098] - maximumPoolSize.................10
2023-08-09 11:17:54,226 DEBUG [http-nio-6002-exec-4][HikariConfig.java:1098] - metricRegistry..................none
2023-08-09 11:17:54,226 DEBUG [http-nio-6002-exec-4][HikariConfig.java:1098] - metricRegistry..................none
2023-08-09 11:17:54,226 DEBUG [http-nio-6002-exec-4][HikariConfig.java:1098] - metricsTrackerFactory...........none
2023-08-09 11:17:54,226 DEBUG [http-nio-6002-exec-4][HikariConfig.java:1098] - metricsTrackerFactory...........none
2023-08-09 11:17:54,226 DEBUG [http-nio-6002-exec-4][HikariConfig.java:1098] - minimumIdle.....................10
2023-08-09 11:17:54,226 DEBUG [http-nio-6002-exec-4][HikariConfig.java:1098] - minimumIdle.....................10
2023-08-09 11:17:54,226 DEBUG [http-nio-6002-exec-4][HikariConfig.java:1098] - password........................<masked>
2023-08-09 11:17:54,226 DEBUG [http-nio-6002-exec-4][HikariConfig.java:1098] - password........................<masked>
2023-08-09 11:17:54,226 DEBUG [http-nio-6002-exec-4][HikariConfig.java:1098] - poolName........................"HikariPool-1"
2023-08-09 11:17:54,226 DEBUG [http-nio-6002-exec-4][HikariConfig.java:1098] - poolName........................"HikariPool-1"
2023-08-09 11:17:54,227 DEBUG [http-nio-6002-exec-4][HikariConfig.java:1098] - readOnly........................false
2023-08-09 11:17:54,227 DEBUG [http-nio-6002-exec-4][HikariConfig.java:1098] - readOnly........................false
2023-08-09 11:17:54,227 DEBUG [http-nio-6002-exec-4][HikariConfig.java:1098] - registerMbeans..................false
2023-08-09 11:17:54,227 DEBUG [http-nio-6002-exec-4][HikariConfig.java:1098] - registerMbeans..................false
2023-08-09 11:17:54,227 DEBUG [http-nio-6002-exec-4][HikariConfig.java:1098] - scheduledExecutor...............none
2023-08-09 11:17:54,227 DEBUG [http-nio-6002-exec-4][HikariConfig.java:1098] - scheduledExecutor...............none
2023-08-09 11:17:54,227 DEBUG [http-nio-6002-exec-4][HikariConfig.java:1098] - schema..........................none
2023-08-09 11:17:54,227 DEBUG [http-nio-6002-exec-4][HikariConfig.java:1098] - schema..........................none
2023-08-09 11:17:54,227 DEBUG [http-nio-6002-exec-4][HikariConfig.java:1098] - threadFactory...................internal
2023-08-09 11:17:54,227 DEBUG [http-nio-6002-exec-4][HikariConfig.java:1098] - threadFactory...................internal
2023-08-09 11:17:54,227 DEBUG [http-nio-6002-exec-4][HikariConfig.java:1098] - transactionIsolation............default
2023-08-09 11:17:54,227 DEBUG [http-nio-6002-exec-4][HikariConfig.java:1098] - transactionIsolation............default
2023-08-09 11:17:54,228 DEBUG [http-nio-6002-exec-4][HikariConfig.java:1098] - username........................"root"
2023-08-09 11:17:54,228 DEBUG [http-nio-6002-exec-4][HikariConfig.java:1098] - username........................"root"
2023-08-09 11:17:54,228 DEBUG [http-nio-6002-exec-4][HikariConfig.java:1098] - validationTimeout...............5000
2023-08-09 11:17:54,228 DEBUG [http-nio-6002-exec-4][HikariConfig.java:1098] - validationTimeout...............5000
2023-08-09 11:17:54,228 INFO [http-nio-6002-exec-4][HikariDataSource.java:110] - HikariPool-1 - Starting...
2023-08-09 11:17:54,228 INFO [http-nio-6002-exec-4][HikariDataSource.java:110] - HikariPool-1 - Starting...
2023-08-09 11:17:54,342 DEBUG [http-nio-6002-exec-4][HikariPool.java:564] - HikariPool-1 - Added connection com.mysql.cj.jdbc.ConnectionImpl@1684b5dd
2023-08-09 11:17:54,342 DEBUG [http-nio-6002-exec-4][HikariPool.java:564] - HikariPool-1 - Added connection com.mysql.cj.jdbc.ConnectionImpl@1684b5dd
2023-08-09 11:17:54,344 INFO [http-nio-6002-exec-4][HikariDataSource.java:123] - HikariPool-1 - Start completed.
2023-08-09 11:17:54,344 INFO [http-nio-6002-exec-4][HikariDataSource.java:123] - HikariPool-1 - Start completed.
2023-08-09 11:17:54,351 DEBUG [http-nio-6002-exec-4][BaseJdbcLogger.java:137] - ==>  Preparing: SELECT id,name,code,item_values FROM dictionary
2023-08-09 11:17:54,351 DEBUG [http-nio-6002-exec-4][BaseJdbcLogger.java:137] - ==>  Preparing: SELECT id,name,code,item_values FROM dictionary
2023-08-09 11:17:54,371 DEBUG [http-nio-6002-exec-4][BaseJdbcLogger.java:137] - ==> Parameters: 
2023-08-09 11:17:54,371 DEBUG [http-nio-6002-exec-4][BaseJdbcLogger.java:137] - ==> Parameters: 
2023-08-09 11:17:54,392 DEBUG [http-nio-6002-exec-4][BaseJdbcLogger.java:137] - <==      Total: 17
2023-08-09 11:17:54,392 DEBUG [http-nio-6002-exec-4][BaseJdbcLogger.java:137] - <==      Total: 17
2023-08-09 11:17:54,444 DEBUG [HikariPool-1 housekeeper][HikariPool.java:421] - HikariPool-1 - Pool stats (total=1, active=0, idle=1, waiting=0)
2023-08-09 11:17:54,444 DEBUG [HikariPool-1 housekeeper][HikariPool.java:421] - HikariPool-1 - Pool stats (total=1, active=0, idle=1, waiting=0)
2023-08-09 11:17:54,453 DEBUG [HikariPool-1 connection adder][HikariPool.java:728] - HikariPool-1 - Added connection com.mysql.cj.jdbc.ConnectionImpl@1c573087
2023-08-09 11:17:54,453 DEBUG [HikariPool-1 connection adder][HikariPool.java:728] - HikariPool-1 - Added connection com.mysql.cj.jdbc.ConnectionImpl@1c573087
2023-08-09 11:17:54,460 DEBUG [HikariPool-1 connection adder][HikariPool.java:728] - HikariPool-1 - Added connection com.mysql.cj.jdbc.ConnectionImpl@5d6a3abc
2023-08-09 11:17:54,460 DEBUG [HikariPool-1 connection adder][HikariPool.java:728] - HikariPool-1 - Added connection com.mysql.cj.jdbc.ConnectionImpl@5d6a3abc
2023-08-09 11:17:54,465 DEBUG [HikariPool-1 connection adder][HikariPool.java:728] - HikariPool-1 - Added connection com.mysql.cj.jdbc.ConnectionImpl@6cfde2fe
2023-08-09 11:17:54,465 DEBUG [HikariPool-1 connection adder][HikariPool.java:728] - HikariPool-1 - Added connection com.mysql.cj.jdbc.ConnectionImpl@6cfde2fe
2023-08-09 11:17:54,471 DEBUG [HikariPool-1 connection adder][HikariPool.java:728] - HikariPool-1 - Added connection com.mysql.cj.jdbc.ConnectionImpl@3d45c5f3
2023-08-09 11:17:54,471 DEBUG [HikariPool-1 connection adder][HikariPool.java:728] - HikariPool-1 - Added connection com.mysql.cj.jdbc.ConnectionImpl@3d45c5f3
2023-08-09 11:17:54,476 DEBUG [HikariPool-1 connection adder][HikariPool.java:728] - HikariPool-1 - Added connection com.mysql.cj.jdbc.ConnectionImpl@2eb506ec
2023-08-09 11:17:54,476 DEBUG [HikariPool-1 connection adder][HikariPool.java:728] - HikariPool-1 - Added connection com.mysql.cj.jdbc.ConnectionImpl@2eb506ec
2023-08-09 11:17:54,481 DEBUG [HikariPool-1 connection adder][HikariPool.java:728] - HikariPool-1 - Added connection com.mysql.cj.jdbc.ConnectionImpl@390b9c0f
2023-08-09 11:17:54,481 DEBUG [HikariPool-1 connection adder][HikariPool.java:728] - HikariPool-1 - Added connection com.mysql.cj.jdbc.ConnectionImpl@390b9c0f
2023-08-09 11:17:54,489 DEBUG [HikariPool-1 connection adder][HikariPool.java:728] - HikariPool-1 - Added connection com.mysql.cj.jdbc.ConnectionImpl@4afe0ec5
2023-08-09 11:17:54,489 DEBUG [HikariPool-1 connection adder][HikariPool.java:728] - HikariPool-1 - Added connection com.mysql.cj.jdbc.ConnectionImpl@4afe0ec5
2023-08-09 11:17:54,494 DEBUG [HikariPool-1 connection adder][HikariPool.java:728] - HikariPool-1 - Added connection com.mysql.cj.jdbc.ConnectionImpl@590b8920
2023-08-09 11:17:54,494 DEBUG [HikariPool-1 connection adder][HikariPool.java:728] - HikariPool-1 - Added connection com.mysql.cj.jdbc.ConnectionImpl@590b8920
2023-08-09 11:17:54,501 DEBUG [HikariPool-1 connection adder][HikariPool.java:728] - HikariPool-1 - Added connection com.mysql.cj.jdbc.ConnectionImpl@34301005
2023-08-09 11:17:54,501 DEBUG [HikariPool-1 connection adder][HikariPool.java:728] - HikariPool-1 - Added connection com.mysql.cj.jdbc.ConnectionImpl@34301005
2023-08-09 11:17:54,501 DEBUG [HikariPool-1 connection adder][HikariPool.java:421] - HikariPool-1 - After adding stats (total=10, active=0, idle=10, waiting=0)
2023-08-09 11:17:54,501 DEBUG [HikariPool-1 connection adder][HikariPool.java:421] - HikariPool-1 - After adding stats (total=10, active=0, idle=10, waiting=0)
2023-08-09 11:18:24,445 DEBUG [HikariPool-1 housekeeper][HikariPool.java:421] - HikariPool-1 - Pool stats (total=10, active=0, idle=10, waiting=0)
2023-08-09 11:18:24,445 DEBUG [HikariPool-1 housekeeper][HikariPool.java:421] - HikariPool-1 - Pool stats (total=10, active=0, idle=10, waiting=0)
2023-08-09 11:18:24,446 DEBUG [HikariPool-1 housekeeper][HikariPool.java:517] - HikariPool-1 - Fill pool skipped, pool is at sufficient level.
2023-08-09 11:18:24,446 DEBUG [HikariPool-1 housekeeper][HikariPool.java:517] - HikariPool-1 - Fill pool skipped, pool is at sufficient level.
2023-08-09 11:18:54,447 DEBUG [HikariPool-1 housekeeper][HikariPool.java:421] - HikariPool-1 - Pool stats (total=10, active=0, idle=10, waiting=0)
2023-08-09 11:18:54,447 DEBUG [HikariPool-1 housekeeper][HikariPool.java:421] - HikariPool-1 - Pool stats (total=10, active=0, idle=10, waiting=0)
2023-08-09 11:18:54,447 DEBUG [HikariPool-1 housekeeper][HikariPool.java:517] - HikariPool-1 - Fill pool skipped, pool is at sufficient level.
2023-08-09 11:18:54,447 DEBUG [HikariPool-1 housekeeper][HikariPool.java:517] - HikariPool-1 - Fill pool skipped, pool is at sufficient level.
2023-08-09 11:19:24,448 DEBUG [HikariPool-1 housekeeper][HikariPool.java:421] - HikariPool-1 - Pool stats (total=10, active=0, idle=10, waiting=0)
2023-08-09 11:19:24,448 DEBUG [HikariPool-1 housekeeper][HikariPool.java:421] - HikariPool-1 - Pool stats (total=10, active=0, idle=10, waiting=0)
2023-08-09 11:19:24,449 DEBUG [HikariPool-1 housekeeper][HikariPool.java:517] - HikariPool-1 - Fill pool skipped, pool is at sufficient level.
2023-08-09 11:19:24,449 DEBUG [HikariPool-1 housekeeper][HikariPool.java:517] - HikariPool-1 - Fill pool skipped, pool is at sufficient level.
2023-08-09 11:19:54,451 DEBUG [HikariPool-1 housekeeper][HikariPool.java:421] - HikariPool-1 - Pool stats (total=10, active=0, idle=10, waiting=0)
2023-08-09 11:19:54,451 DEBUG [HikariPool-1 housekeeper][HikariPool.java:421] - HikariPool-1 - Pool stats (total=10, active=0, idle=10, waiting=0)
2023-08-09 11:19:54,451 DEBUG [HikariPool-1 housekeeper][HikariPool.java:517] - HikariPool-1 - Fill pool skipped, pool is at sufficient level.
2023-08-09 11:19:54,451 DEBUG [HikariPool-1 housekeeper][HikariPool.java:517] - HikariPool-1 - Fill pool skipped, pool is at sufficient level.
2023-08-09 11:20:24,452 DEBUG [HikariPool-1 housekeeper][HikariPool.java:421] - HikariPool-1 - Pool stats (total=10, active=0, idle=10, waiting=0)
2023-08-09 11:20:24,452 DEBUG [HikariPool-1 housekeeper][HikariPool.java:421] - HikariPool-1 - Pool stats (total=10, active=0, idle=10, waiting=0)
2023-08-09 11:20:24,452 DEBUG [HikariPool-1 housekeeper][HikariPool.java:517] - HikariPool-1 - Fill pool skipped, pool is at sufficient level.
2023-08-09 11:20:24,452 DEBUG [HikariPool-1 housekeeper][HikariPool.java:517] - HikariPool-1 - Fill pool skipped, pool is at sufficient level.
2023-08-09 11:20:54,454 DEBUG [HikariPool-1 housekeeper][HikariPool.java:421] - HikariPool-1 - Pool stats (total=10, active=0, idle=10, waiting=0)
2023-08-09 11:20:54,454 DEBUG [HikariPool-1 housekeeper][HikariPool.java:421] - HikariPool-1 - Pool stats (total=10, active=0, idle=10, waiting=0)
2023-08-09 11:20:54,454 DEBUG [HikariPool-1 housekeeper][HikariPool.java:517] - HikariPool-1 - Fill pool skipped, pool is at sufficient level.
2023-08-09 11:20:54,454 DEBUG [HikariPool-1 housekeeper][HikariPool.java:517] - HikariPool-1 - Fill pool skipped, pool is at sufficient level.
2023-08-09 11:20:59,412 DEBUG [http-nio-6002-exec-5][BaseJdbcLogger.java:137] - ==>  Preparing: SELECT id,name,code,item_values FROM dictionary
2023-08-09 11:20:59,412 DEBUG [http-nio-6002-exec-5][BaseJdbcLogger.java:137] - ==>  Preparing: SELECT id,name,code,item_values FROM dictionary
2023-08-09 11:20:59,413 DEBUG [http-nio-6002-exec-5][BaseJdbcLogger.java:137] - ==> Parameters: 
2023-08-09 11:20:59,413 DEBUG [http-nio-6002-exec-5][BaseJdbcLogger.java:137] - ==> Parameters: 
2023-08-09 11:20:59,418 DEBUG [http-nio-6002-exec-5][BaseJdbcLogger.java:137] - <==      Total: 17
2023-08-09 11:20:59,418 DEBUG [http-nio-6002-exec-5][BaseJdbcLogger.java:137] - <==      Total: 17
2023-08-09 11:21:24,456 DEBUG [HikariPool-1 housekeeper][HikariPool.java:421] - HikariPool-1 - Pool stats (total=10, active=0, idle=10, waiting=0)
2023-08-09 11:21:24,456 DEBUG [HikariPool-1 housekeeper][HikariPool.java:421] - HikariPool-1 - Pool stats (total=10, active=0, idle=10, waiting=0)
2023-08-09 11:21:24,456 DEBUG [HikariPool-1 housekeeper][HikariPool.java:517] - HikariPool-1 - Fill pool skipped, pool is at sufficient level.
2023-08-09 11:21:24,456 DEBUG [HikariPool-1 housekeeper][HikariPool.java:517] - HikariPool-1 - Fill pool skipped, pool is at sufficient level.
2023-08-09 11:21:54,458 DEBUG [HikariPool-1 housekeeper][HikariPool.java:421] - HikariPool-1 - Pool stats (total=10, active=0, idle=10, waiting=0)
2023-08-09 11:21:54,458 DEBUG [HikariPool-1 housekeeper][HikariPool.java:421] - HikariPool-1 - Pool stats (total=10, active=0, idle=10, waiting=0)
2023-08-09 11:21:54,458 DEBUG [HikariPool-1 housekeeper][HikariPool.java:517] - HikariPool-1 - Fill pool skipped, pool is at sufficient level.
2023-08-09 11:21:54,458 DEBUG [HikariPool-1 housekeeper][HikariPool.java:517] - HikariPool-1 - Fill pool skipped, pool is at sufficient level.
2023-08-09 11:22:24,459 DEBUG [HikariPool-1 housekeeper][HikariPool.java:421] - HikariPool-1 - Pool stats (total=10, active=0, idle=10, waiting=0)
2023-08-09 11:22:24,459 DEBUG [HikariPool-1 housekeeper][HikariPool.java:421] - HikariPool-1 - Pool stats (total=10, active=0, idle=10, waiting=0)
2023-08-09 11:22:24,459 DEBUG [HikariPool-1 housekeeper][HikariPool.java:517] - HikariPool-1 - Fill pool skipped, pool is at sufficient level.
2023-08-09 11:22:24,459 DEBUG [HikariPool-1 housekeeper][HikariPool.java:517] - HikariPool-1 - Fill pool skipped, pool is at sufficient level.
2023-08-09 11:22:28,221 DEBUG [http-nio-6002-exec-3][BaseJdbcLogger.java:137] - ==>  Preparing: SELECT id,name,code,item_values FROM dictionary
2023-08-09 11:22:28,221 DEBUG [http-nio-6002-exec-3][BaseJdbcLogger.java:137] - ==>  Preparing: SELECT id,name,code,item_values FROM dictionary
2023-08-09 11:22:28,221 DEBUG [http-nio-6002-exec-3][BaseJdbcLogger.java:137] - ==> Parameters: 
2023-08-09 11:22:28,221 DEBUG [http-nio-6002-exec-3][BaseJdbcLogger.java:137] - ==> Parameters: 
2023-08-09 11:22:28,225 DEBUG [http-nio-6002-exec-3][BaseJdbcLogger.java:137] - <==      Total: 17
2023-08-09 11:22:28,225 DEBUG [http-nio-6002-exec-3][BaseJdbcLogger.java:137] - <==      Total: 17
2023-08-09 11:22:54,461 DEBUG [HikariPool-1 housekeeper][HikariPool.java:421] - HikariPool-1 - Pool stats (total=10, active=0, idle=10, waiting=0)
2023-08-09 11:22:54,461 DEBUG [HikariPool-1 housekeeper][HikariPool.java:421] - HikariPool-1 - Pool stats (total=10, active=0, idle=10, waiting=0)
2023-08-09 11:22:54,461 DEBUG [HikariPool-1 housekeeper][HikariPool.java:517] - HikariPool-1 - Fill pool skipped, pool is at sufficient level.
2023-08-09 11:22:54,461 DEBUG [HikariPool-1 housekeeper][HikariPool.java:517] - HikariPool-1 - Fill pool skipped, pool is at sufficient level.
2023-08-09 11:23:24,462 DEBUG [HikariPool-1 housekeeper][HikariPool.java:421] - HikariPool-1 - Pool stats (total=10, active=0, idle=10, waiting=0)
2023-08-09 11:23:24,462 DEBUG [HikariPool-1 housekeeper][HikariPool.java:421] - HikariPool-1 - Pool stats (total=10, active=0, idle=10, waiting=0)
2023-08-09 11:23:24,462 DEBUG [HikariPool-1 housekeeper][HikariPool.java:517] - HikariPool-1 - Fill pool skipped, pool is at sufficient level.
2023-08-09 11:23:24,462 DEBUG [HikariPool-1 housekeeper][HikariPool.java:517] - HikariPool-1 - Fill pool skipped, pool is at sufficient level.
2023-08-09 11:23:54,465 DEBUG [HikariPool-1 housekeeper][HikariPool.java:421] - HikariPool-1 - Pool stats (total=10, active=0, idle=10, waiting=0)
2023-08-09 11:23:54,465 DEBUG [HikariPool-1 housekeeper][HikariPool.java:421] - HikariPool-1 - Pool stats (total=10, active=0, idle=10, waiting=0)
2023-08-09 11:23:54,465 DEBUG [HikariPool-1 housekeeper][HikariPool.java:517] - HikariPool-1 - Fill pool skipped, pool is at sufficient level.
2023-08-09 11:23:54,465 DEBUG [HikariPool-1 housekeeper][HikariPool.java:517] - HikariPool-1 - Fill pool skipped, pool is at sufficient level.
2023-08-09 11:24:24,465 DEBUG [HikariPool-1 housekeeper][HikariPool.java:421] - HikariPool-1 - Pool stats (total=10, active=0, idle=10, waiting=0)
2023-08-09 11:24:24,465 DEBUG [HikariPool-1 housekeeper][HikariPool.java:421] - HikariPool-1 - Pool stats (total=10, active=0, idle=10, waiting=0)
2023-08-09 11:24:24,466 DEBUG [HikariPool-1 housekeeper][HikariPool.java:517] - HikariPool-1 - Fill pool skipped, pool is at sufficient level.
2023-08-09 11:24:24,466 DEBUG [HikariPool-1 housekeeper][HikariPool.java:517] - HikariPool-1 - Fill pool skipped, pool is at sufficient level.
2023-08-09 11:24:54,467 DEBUG [HikariPool-1 housekeeper][HikariPool.java:421] - HikariPool-1 - Pool stats (total=10, active=0, idle=10, waiting=0)
2023-08-09 11:24:54,467 DEBUG [HikariPool-1 housekeeper][HikariPool.java:421] - HikariPool-1 - Pool stats (total=10, active=0, idle=10, waiting=0)
2023-08-09 11:24:54,467 DEBUG [HikariPool-1 housekeeper][HikariPool.java:517] - HikariPool-1 - Fill pool skipped, pool is at sufficient level.
2023-08-09 11:24:54,467 DEBUG [HikariPool-1 housekeeper][HikariPool.java:517] - HikariPool-1 - Fill pool skipped, pool is at sufficient level.
2023-08-09 11:25:24,469 DEBUG [HikariPool-1 housekeeper][HikariPool.java:421] - HikariPool-1 - Pool stats (total=10, active=0, idle=10, waiting=0)
2023-08-09 11:25:24,469 DEBUG [HikariPool-1 housekeeper][HikariPool.java:421] - HikariPool-1 - Pool stats (total=10, active=0, idle=10, waiting=0)
2023-08-09 11:25:24,469 DEBUG [HikariPool-1 housekeeper][HikariPool.java:517] - HikariPool-1 - Fill pool skipped, pool is at sufficient level.
2023-08-09 11:25:24,469 DEBUG [HikariPool-1 housekeeper][HikariPool.java:517] - HikariPool-1 - Fill pool skipped, pool is at sufficient level.
2023-08-09 11:25:54,470 DEBUG [HikariPool-1 housekeeper][HikariPool.java:421] - HikariPool-1 - Pool stats (total=10, active=0, idle=10, waiting=0)
2023-08-09 11:25:54,470 DEBUG [HikariPool-1 housekeeper][HikariPool.java:421] - HikariPool-1 - Pool stats (total=10, active=0, idle=10, waiting=0)
2023-08-09 11:25:54,470 DEBUG [HikariPool-1 housekeeper][HikariPool.java:517] - HikariPool-1 - Fill pool skipped, pool is at sufficient level.
2023-08-09 11:25:54,470 DEBUG [HikariPool-1 housekeeper][HikariPool.java:517] - HikariPool-1 - Fill pool skipped, pool is at sufficient level.
2023-08-09 11:26:24,471 DEBUG [HikariPool-1 housekeeper][HikariPool.java:421] - HikariPool-1 - Pool stats (total=10, active=0, idle=10, waiting=0)
2023-08-09 11:26:24,471 DEBUG [HikariPool-1 housekeeper][HikariPool.java:421] - HikariPool-1 - Pool stats (total=10, active=0, idle=10, waiting=0)
2023-08-09 11:26:24,471 DEBUG [HikariPool-1 housekeeper][HikariPool.java:517] - HikariPool-1 - Fill pool skipped, pool is at sufficient level.
2023-08-09 11:26:24,471 DEBUG [HikariPool-1 housekeeper][HikariPool.java:517] - HikariPool-1 - Fill pool skipped, pool is at sufficient level.
2023-08-09 11:26:54,472 DEBUG [HikariPool-1 housekeeper][HikariPool.java:421] - HikariPool-1 - Pool stats (total=10, active=0, idle=10, waiting=0)
2023-08-09 11:26:54,472 DEBUG [HikariPool-1 housekeeper][HikariPool.java:421] - HikariPool-1 - Pool stats (total=10, active=0, idle=10, waiting=0)
2023-08-09 11:26:54,472 DEBUG [HikariPool-1 housekeeper][HikariPool.java:517] - HikariPool-1 - Fill pool skipped, pool is at sufficient level.
2023-08-09 11:26:54,472 DEBUG [HikariPool-1 housekeeper][HikariPool.java:517] - HikariPool-1 - Fill pool skipped, pool is at sufficient level.
2023-08-09 11:27:24,473 DEBUG [HikariPool-1 housekeeper][HikariPool.java:421] - HikariPool-1 - Pool stats (total=10, active=0, idle=10, waiting=0)
2023-08-09 11:27:24,473 DEBUG [HikariPool-1 housekeeper][HikariPool.java:421] - HikariPool-1 - Pool stats (total=10, active=0, idle=10, waiting=0)
2023-08-09 11:27:24,473 DEBUG [HikariPool-1 housekeeper][HikariPool.java:517] - HikariPool-1 - Fill pool skipped, pool is at sufficient level.
2023-08-09 11:27:24,473 DEBUG [HikariPool-1 housekeeper][HikariPool.java:517] - HikariPool-1 - Fill pool skipped, pool is at sufficient level.
2023-08-09 11:27:29,701 DEBUG [http-nio-6002-exec-9][BaseJdbcLogger.java:137] - ==>  Preparing: SELECT id,name,code,item_values FROM dictionary
2023-08-09 11:27:29,701 DEBUG [http-nio-6002-exec-9][BaseJdbcLogger.java:137] - ==>  Preparing: SELECT id,name,code,item_values FROM dictionary
2023-08-09 11:27:29,702 DEBUG [http-nio-6002-exec-9][BaseJdbcLogger.java:137] - ==> Parameters: 
2023-08-09 11:27:29,702 DEBUG [http-nio-6002-exec-9][BaseJdbcLogger.java:137] - ==> Parameters: 
2023-08-09 11:27:29,707 DEBUG [http-nio-6002-exec-9][BaseJdbcLogger.java:137] - <==      Total: 17
2023-08-09 11:27:29,707 DEBUG [http-nio-6002-exec-9][BaseJdbcLogger.java:137] - <==      Total: 17
2023-08-09 11:27:54,474 DEBUG [HikariPool-1 housekeeper][HikariPool.java:421] - HikariPool-1 - Pool stats (total=10, active=0, idle=10, waiting=0)
2023-08-09 11:27:54,474 DEBUG [HikariPool-1 housekeeper][HikariPool.java:421] - HikariPool-1 - Pool stats (total=10, active=0, idle=10, waiting=0)
2023-08-09 11:27:54,474 DEBUG [HikariPool-1 housekeeper][HikariPool.java:517] - HikariPool-1 - Fill pool skipped, pool is at sufficient level.
2023-08-09 11:27:54,474 DEBUG [HikariPool-1 housekeeper][HikariPool.java:517] - HikariPool-1 - Fill pool skipped, pool is at sufficient level.
2023-08-09 11:28:01,846 DEBUG [http-nio-6002-exec-10][BaseJdbcLogger.java:137] - ==>  Preparing: SELECT id,name,code,item_values FROM dictionary
2023-08-09 11:28:01,846 DEBUG [http-nio-6002-exec-10][BaseJdbcLogger.java:137] - ==>  Preparing: SELECT id,name,code,item_values FROM dictionary
2023-08-09 11:28:01,848 DEBUG [http-nio-6002-exec-10][BaseJdbcLogger.java:137] - ==> Parameters: 
2023-08-09 11:28:01,848 DEBUG [http-nio-6002-exec-10][BaseJdbcLogger.java:137] - ==> Parameters: 
2023-08-09 11:28:01,854 DEBUG [http-nio-6002-exec-10][BaseJdbcLogger.java:137] - <==      Total: 17
2023-08-09 11:28:01,854 DEBUG [http-nio-6002-exec-10][BaseJdbcLogger.java:137] - <==      Total: 17
2023-08-09 11:28:24,475 DEBUG [HikariPool-1 housekeeper][HikariPool.java:421] - HikariPool-1 - Pool stats (total=10, active=0, idle=10, waiting=0)
2023-08-09 11:28:24,475 DEBUG [HikariPool-1 housekeeper][HikariPool.java:421] - HikariPool-1 - Pool stats (total=10, active=0, idle=10, waiting=0)
2023-08-09 11:28:24,475 DEBUG [HikariPool-1 housekeeper][HikariPool.java:517] - HikariPool-1 - Fill pool skipped, pool is at sufficient level.
2023-08-09 11:28:24,475 DEBUG [HikariPool-1 housekeeper][HikariPool.java:517] - HikariPool-1 - Fill pool skipped, pool is at sufficient level.
2023-08-09 11:28:54,476 DEBUG [HikariPool-1 housekeeper][HikariPool.java:421] - HikariPool-1 - Pool stats (total=10, active=0, idle=10, waiting=0)
2023-08-09 11:28:54,476 DEBUG [HikariPool-1 housekeeper][HikariPool.java:421] - HikariPool-1 - Pool stats (total=10, active=0, idle=10, waiting=0)
2023-08-09 11:28:54,476 DEBUG [HikariPool-1 housekeeper][HikariPool.java:517] - HikariPool-1 - Fill pool skipped, pool is at sufficient level.
2023-08-09 11:28:54,476 DEBUG [HikariPool-1 housekeeper][HikariPool.java:517] - HikariPool-1 - Fill pool skipped, pool is at sufficient level.
2023-08-09 11:29:24,477 DEBUG [HikariPool-1 housekeeper][HikariPool.java:421] - HikariPool-1 - Pool stats (total=10, active=0, idle=10, waiting=0)
2023-08-09 11:29:24,477 DEBUG [HikariPool-1 housekeeper][HikariPool.java:421] - HikariPool-1 - Pool stats (total=10, active=0, idle=10, waiting=0)
2023-08-09 11:29:24,477 DEBUG [HikariPool-1 housekeeper][HikariPool.java:517] - HikariPool-1 - Fill pool skipped, pool is at sufficient level.
2023-08-09 11:29:24,477 DEBUG [HikariPool-1 housekeeper][HikariPool.java:517] - HikariPool-1 - Fill pool skipped, pool is at sufficient level.
2023-08-09 11:29:50,389 DEBUG [http-nio-6002-exec-4][BaseJdbcLogger.java:137] - ==>  Preparing: SELECT id,name,code,item_values FROM dictionary
2023-08-09 11:29:50,389 DEBUG [http-nio-6002-exec-4][BaseJdbcLogger.java:137] - ==>  Preparing: SELECT id,name,code,item_values FROM dictionary
2023-08-09 11:29:50,390 DEBUG [http-nio-6002-exec-4][BaseJdbcLogger.java:137] - ==> Parameters: 
2023-08-09 11:29:50,390 DEBUG [http-nio-6002-exec-4][BaseJdbcLogger.java:137] - ==> Parameters: 
2023-08-09 11:29:50,394 DEBUG [http-nio-6002-exec-4][BaseJdbcLogger.java:137] - <==      Total: 17
2023-08-09 11:29:50,394 DEBUG [http-nio-6002-exec-4][BaseJdbcLogger.java:137] - <==      Total: 17
2023-08-09 11:29:54,478 DEBUG [HikariPool-1 housekeeper][HikariPool.java:421] - HikariPool-1 - Pool stats (total=10, active=0, idle=10, waiting=0)
2023-08-09 11:29:54,478 DEBUG [HikariPool-1 housekeeper][HikariPool.java:421] - HikariPool-1 - Pool stats (total=10, active=0, idle=10, waiting=0)
2023-08-09 11:29:54,478 DEBUG [HikariPool-1 housekeeper][HikariPool.java:517] - HikariPool-1 - Fill pool skipped, pool is at sufficient level.
2023-08-09 11:29:54,478 DEBUG [HikariPool-1 housekeeper][HikariPool.java:517] - HikariPool-1 - Fill pool skipped, pool is at sufficient level.
2023-08-09 11:30:24,480 DEBUG [HikariPool-1 housekeeper][HikariPool.java:421] - HikariPool-1 - Pool stats (total=10, active=0, idle=10, waiting=0)
2023-08-09 11:30:24,480 DEBUG [HikariPool-1 housekeeper][HikariPool.java:421] - HikariPool-1 - Pool stats (total=10, active=0, idle=10, waiting=0)
2023-08-09 11:30:24,480 DEBUG [HikariPool-1 housekeeper][HikariPool.java:517] - HikariPool-1 - Fill pool skipped, pool is at sufficient level.
2023-08-09 11:30:24,480 DEBUG [HikariPool-1 housekeeper][HikariPool.java:517] - HikariPool-1 - Fill pool skipped, pool is at sufficient level.
2023-08-09 11:30:54,482 DEBUG [HikariPool-1 housekeeper][HikariPool.java:421] - HikariPool-1 - Pool stats (total=10, active=0, idle=10, waiting=0)
2023-08-09 11:30:54,482 DEBUG [HikariPool-1 housekeeper][HikariPool.java:421] - HikariPool-1 - Pool stats (total=10, active=0, idle=10, waiting=0)
2023-08-09 11:30:54,482 DEBUG [HikariPool-1 housekeeper][HikariPool.java:517] - HikariPool-1 - Fill pool skipped, pool is at sufficient level.
2023-08-09 11:30:54,482 DEBUG [HikariPool-1 housekeeper][HikariPool.java:517] - HikariPool-1 - Fill pool skipped, pool is at sufficient level.
2023-08-09 11:31:24,483 DEBUG [HikariPool-1 housekeeper][HikariPool.java:421] - HikariPool-1 - Pool stats (total=10, active=0, idle=10, waiting=0)
2023-08-09 11:31:24,483 DEBUG [HikariPool-1 housekeeper][HikariPool.java:421] - HikariPool-1 - Pool stats (total=10, active=0, idle=10, waiting=0)
2023-08-09 11:31:24,483 DEBUG [HikariPool-1 housekeeper][HikariPool.java:517] - HikariPool-1 - Fill pool skipped, pool is at sufficient level.
2023-08-09 11:31:24,483 DEBUG [HikariPool-1 housekeeper][HikariPool.java:517] - HikariPool-1 - Fill pool skipped, pool is at sufficient level.
2023-08-09 11:31:29,183 DEBUG [http-nio-6002-exec-2][BaseJdbcLogger.java:137] - ==>  Preparing: SELECT id,name,code,item_values FROM dictionary
2023-08-09 11:31:29,183 DEBUG [http-nio-6002-exec-2][BaseJdbcLogger.java:137] - ==>  Preparing: SELECT id,name,code,item_values FROM dictionary
2023-08-09 11:31:29,184 DEBUG [http-nio-6002-exec-2][BaseJdbcLogger.java:137] - ==> Parameters: 
2023-08-09 11:31:29,184 DEBUG [http-nio-6002-exec-2][BaseJdbcLogger.java:137] - ==> Parameters: 
2023-08-09 11:31:29,188 DEBUG [http-nio-6002-exec-2][BaseJdbcLogger.java:137] - <==      Total: 17
2023-08-09 11:31:29,188 DEBUG [http-nio-6002-exec-2][BaseJdbcLogger.java:137] - <==      Total: 17
2023-08-09 11:31:54,484 DEBUG [HikariPool-1 housekeeper][HikariPool.java:421] - HikariPool-1 - Pool stats (total=10, active=0, idle=10, waiting=0)
2023-08-09 11:31:54,484 DEBUG [HikariPool-1 housekeeper][HikariPool.java:421] - HikariPool-1 - Pool stats (total=10, active=0, idle=10, waiting=0)
2023-08-09 11:31:54,484 DEBUG [HikariPool-1 housekeeper][HikariPool.java:517] - HikariPool-1 - Fill pool skipped, pool is at sufficient level.
2023-08-09 11:31:54,484 DEBUG [HikariPool-1 housekeeper][HikariPool.java:517] - HikariPool-1 - Fill pool skipped, pool is at sufficient level.
2023-08-09 11:32:24,485 DEBUG [HikariPool-1 housekeeper][HikariPool.java:421] - HikariPool-1 - Pool stats (total=10, active=0, idle=10, waiting=0)
2023-08-09 11:32:24,485 DEBUG [HikariPool-1 housekeeper][HikariPool.java:421] - HikariPool-1 - Pool stats (total=10, active=0, idle=10, waiting=0)
2023-08-09 11:32:24,485 DEBUG [HikariPool-1 housekeeper][HikariPool.java:517] - HikariPool-1 - Fill pool skipped, pool is at sufficient level.
2023-08-09 11:32:24,485 DEBUG [HikariPool-1 housekeeper][HikariPool.java:517] - HikariPool-1 - Fill pool skipped, pool is at sufficient level.
2023-08-09 11:32:36,011 DEBUG [http-nio-6002-exec-6][BaseJdbcLogger.java:137] - ==>  Preparing: SELECT id,name,code,item_values FROM dictionary
2023-08-09 11:32:36,011 DEBUG [http-nio-6002-exec-6][BaseJdbcLogger.java:137] - ==>  Preparing: SELECT id,name,code,item_values FROM dictionary
2023-08-09 11:32:36,012 DEBUG [http-nio-6002-exec-6][BaseJdbcLogger.java:137] - ==> Parameters: 
2023-08-09 11:32:36,012 DEBUG [http-nio-6002-exec-6][BaseJdbcLogger.java:137] - ==> Parameters: 
2023-08-09 11:32:36,014 DEBUG [http-nio-6002-exec-6][BaseJdbcLogger.java:137] - <==      Total: 17
2023-08-09 11:32:36,014 DEBUG [http-nio-6002-exec-6][BaseJdbcLogger.java:137] - <==      Total: 17
2023-08-09 11:32:54,486 DEBUG [HikariPool-1 housekeeper][HikariPool.java:421] - HikariPool-1 - Pool stats (total=10, active=0, idle=10, waiting=0)
2023-08-09 11:32:54,486 DEBUG [HikariPool-1 housekeeper][HikariPool.java:421] - HikariPool-1 - Pool stats (total=10, active=0, idle=10, waiting=0)
2023-08-09 11:32:54,486 DEBUG [HikariPool-1 housekeeper][HikariPool.java:517] - HikariPool-1 - Fill pool skipped, pool is at sufficient level.
2023-08-09 11:32:54,486 DEBUG [HikariPool-1 housekeeper][HikariPool.java:517] - HikariPool-1 - Fill pool skipped, pool is at sufficient level.
2023-08-09 11:32:59,364 DEBUG [http-nio-6002-exec-3][BaseJdbcLogger.java:137] - ==>  Preparing: SELECT id,name,code,item_values FROM dictionary
2023-08-09 11:32:59,364 DEBUG [http-nio-6002-exec-3][BaseJdbcLogger.java:137] - ==>  Preparing: SELECT id,name,code,item_values FROM dictionary
2023-08-09 11:32:59,365 DEBUG [http-nio-6002-exec-3][BaseJdbcLogger.java:137] - ==> Parameters: 
2023-08-09 11:32:59,365 DEBUG [http-nio-6002-exec-3][BaseJdbcLogger.java:137] - ==> Parameters: 
2023-08-09 11:32:59,369 DEBUG [http-nio-6002-exec-3][BaseJdbcLogger.java:137] - <==      Total: 17
2023-08-09 11:32:59,369 DEBUG [http-nio-6002-exec-3][BaseJdbcLogger.java:137] - <==      Total: 17
2023-08-09 11:33:24,488 DEBUG [HikariPool-1 housekeeper][HikariPool.java:421] - HikariPool-1 - Pool stats (total=10, active=0, idle=10, waiting=0)
2023-08-09 11:33:24,488 DEBUG [HikariPool-1 housekeeper][HikariPool.java:421] - HikariPool-1 - Pool stats (total=10, active=0, idle=10, waiting=0)
2023-08-09 11:33:24,488 DEBUG [HikariPool-1 housekeeper][HikariPool.java:517] - HikariPool-1 - Fill pool skipped, pool is at sufficient level.
2023-08-09 11:33:24,488 DEBUG [HikariPool-1 housekeeper][HikariPool.java:517] - HikariPool-1 - Fill pool skipped, pool is at sufficient level.
2023-08-09 11:33:54,489 DEBUG [HikariPool-1 housekeeper][HikariPool.java:421] - HikariPool-1 - Pool stats (total=10, active=0, idle=10, waiting=0)
2023-08-09 11:33:54,489 DEBUG [HikariPool-1 housekeeper][HikariPool.java:421] - HikariPool-1 - Pool stats (total=10, active=0, idle=10, waiting=0)
2023-08-09 11:33:54,489 DEBUG [HikariPool-1 housekeeper][HikariPool.java:517] - HikariPool-1 - Fill pool skipped, pool is at sufficient level.
2023-08-09 11:33:54,489 DEBUG [HikariPool-1 housekeeper][HikariPool.java:517] - HikariPool-1 - Fill pool skipped, pool is at sufficient level.
2023-08-09 11:34:24,492 DEBUG [HikariPool-1 housekeeper][HikariPool.java:421] - HikariPool-1 - Pool stats (total=10, active=0, idle=10, waiting=0)
2023-08-09 11:34:24,492 DEBUG [HikariPool-1 housekeeper][HikariPool.java:421] - HikariPool-1 - Pool stats (total=10, active=0, idle=10, waiting=0)
2023-08-09 11:34:24,492 DEBUG [HikariPool-1 housekeeper][HikariPool.java:517] - HikariPool-1 - Fill pool skipped, pool is at sufficient level.
2023-08-09 11:34:24,492 DEBUG [HikariPool-1 housekeeper][HikariPool.java:517] - HikariPool-1 - Fill pool skipped, pool is at sufficient level.
2023-08-09 11:34:54,493 DEBUG [HikariPool-1 housekeeper][HikariPool.java:421] - HikariPool-1 - Pool stats (total=10, active=0, idle=10, waiting=0)
2023-08-09 11:34:54,493 DEBUG [HikariPool-1 housekeeper][HikariPool.java:421] - HikariPool-1 - Pool stats (total=10, active=0, idle=10, waiting=0)
2023-08-09 11:34:54,494 DEBUG [HikariPool-1 housekeeper][HikariPool.java:517] - HikariPool-1 - Fill pool skipped, pool is at sufficient level.
2023-08-09 11:34:54,494 DEBUG [HikariPool-1 housekeeper][HikariPool.java:517] - HikariPool-1 - Fill pool skipped, pool is at sufficient level.
2023-08-09 11:35:24,495 DEBUG [HikariPool-1 housekeeper][HikariPool.java:421] - HikariPool-1 - Pool stats (total=10, active=0, idle=10, waiting=0)
2023-08-09 11:35:24,495 DEBUG [HikariPool-1 housekeeper][HikariPool.java:421] - HikariPool-1 - Pool stats (total=10, active=0, idle=10, waiting=0)
2023-08-09 11:35:24,495 DEBUG [HikariPool-1 housekeeper][HikariPool.java:517] - HikariPool-1 - Fill pool skipped, pool is at sufficient level.
2023-08-09 11:35:24,495 DEBUG [HikariPool-1 housekeeper][HikariPool.java:517] - HikariPool-1 - Fill pool skipped, pool is at sufficient level.
2023-08-09 11:35:54,496 DEBUG [HikariPool-1 housekeeper][HikariPool.java:421] - HikariPool-1 - Pool stats (total=10, active=0, idle=10, waiting=0)
2023-08-09 11:35:54,496 DEBUG [HikariPool-1 housekeeper][HikariPool.java:421] - HikariPool-1 - Pool stats (total=10, active=0, idle=10, waiting=0)
2023-08-09 11:35:54,496 DEBUG [HikariPool-1 housekeeper][HikariPool.java:517] - HikariPool-1 - Fill pool skipped, pool is at sufficient level.
2023-08-09 11:35:54,496 DEBUG [HikariPool-1 housekeeper][HikariPool.java:517] - HikariPool-1 - Fill pool skipped, pool is at sufficient level.
2023-08-09 11:36:24,498 DEBUG [HikariPool-1 housekeeper][HikariPool.java:421] - HikariPool-1 - Pool stats (total=10, active=0, idle=10, waiting=0)
2023-08-09 11:36:24,498 DEBUG [HikariPool-1 housekeeper][HikariPool.java:421] - HikariPool-1 - Pool stats (total=10, active=0, idle=10, waiting=0)
2023-08-09 11:36:24,498 DEBUG [HikariPool-1 housekeeper][HikariPool.java:517] - HikariPool-1 - Fill pool skipped, pool is at sufficient level.
2023-08-09 11:36:24,498 DEBUG [HikariPool-1 housekeeper][HikariPool.java:517] - HikariPool-1 - Fill pool skipped, pool is at sufficient level.
2023-08-09 11:36:54,500 DEBUG [HikariPool-1 housekeeper][HikariPool.java:421] - HikariPool-1 - Pool stats (total=10, active=0, idle=10, waiting=0)
2023-08-09 11:36:54,500 DEBUG [HikariPool-1 housekeeper][HikariPool.java:421] - HikariPool-1 - Pool stats (total=10, active=0, idle=10, waiting=0)
2023-08-09 11:36:54,500 DEBUG [HikariPool-1 housekeeper][HikariPool.java:517] - HikariPool-1 - Fill pool skipped, pool is at sufficient level.
2023-08-09 11:36:54,500 DEBUG [HikariPool-1 housekeeper][HikariPool.java:517] - HikariPool-1 - Fill pool skipped, pool is at sufficient level.
2023-08-09 11:37:24,501 DEBUG [HikariPool-1 housekeeper][HikariPool.java:421] - HikariPool-1 - Pool stats (total=10, active=0, idle=10, waiting=0)
2023-08-09 11:37:24,501 DEBUG [HikariPool-1 housekeeper][HikariPool.java:421] - HikariPool-1 - Pool stats (total=10, active=0, idle=10, waiting=0)
2023-08-09 11:37:24,501 DEBUG [HikariPool-1 housekeeper][HikariPool.java:517] - HikariPool-1 - Fill pool skipped, pool is at sufficient level.
2023-08-09 11:37:24,501 DEBUG [HikariPool-1 housekeeper][HikariPool.java:517] - HikariPool-1 - Fill pool skipped, pool is at sufficient level.
2023-08-09 11:37:54,501 DEBUG [HikariPool-1 housekeeper][HikariPool.java:421] - HikariPool-1 - Pool stats (total=10, active=0, idle=10, waiting=0)
2023-08-09 11:37:54,501 DEBUG [HikariPool-1 housekeeper][HikariPool.java:421] - HikariPool-1 - Pool stats (total=10, active=0, idle=10, waiting=0)
2023-08-09 11:37:54,501 DEBUG [HikariPool-1 housekeeper][HikariPool.java:517] - HikariPool-1 - Fill pool skipped, pool is at sufficient level.
2023-08-09 11:37:54,501 DEBUG [HikariPool-1 housekeeper][HikariPool.java:517] - HikariPool-1 - Fill pool skipped, pool is at sufficient level.
2023-08-09 11:38:24,503 DEBUG [HikariPool-1 housekeeper][HikariPool.java:421] - HikariPool-1 - Pool stats (total=10, active=0, idle=10, waiting=0)
2023-08-09 11:38:24,503 DEBUG [HikariPool-1 housekeeper][HikariPool.java:421] - HikariPool-1 - Pool stats (total=10, active=0, idle=10, waiting=0)
2023-08-09 11:38:24,503 DEBUG [HikariPool-1 housekeeper][HikariPool.java:517] - HikariPool-1 - Fill pool skipped, pool is at sufficient level.
2023-08-09 11:38:24,503 DEBUG [HikariPool-1 housekeeper][HikariPool.java:517] - HikariPool-1 - Fill pool skipped, pool is at sufficient level.
2023-08-09 11:38:54,504 DEBUG [HikariPool-1 housekeeper][HikariPool.java:421] - HikariPool-1 - Pool stats (total=10, active=0, idle=10, waiting=0)
2023-08-09 11:38:54,504 DEBUG [HikariPool-1 housekeeper][HikariPool.java:421] - HikariPool-1 - Pool stats (total=10, active=0, idle=10, waiting=0)
2023-08-09 11:38:54,504 DEBUG [HikariPool-1 housekeeper][HikariPool.java:517] - HikariPool-1 - Fill pool skipped, pool is at sufficient level.
2023-08-09 11:38:54,504 DEBUG [HikariPool-1 housekeeper][HikariPool.java:517] - HikariPool-1 - Fill pool skipped, pool is at sufficient level.
2023-08-09 11:39:24,505 DEBUG [HikariPool-1 housekeeper][HikariPool.java:421] - HikariPool-1 - Pool stats (total=10, active=0, idle=10, waiting=0)
2023-08-09 11:39:24,505 DEBUG [HikariPool-1 housekeeper][HikariPool.java:421] - HikariPool-1 - Pool stats (total=10, active=0, idle=10, waiting=0)
2023-08-09 11:39:24,505 DEBUG [HikariPool-1 housekeeper][HikariPool.java:517] - HikariPool-1 - Fill pool skipped, pool is at sufficient level.
2023-08-09 11:39:24,505 DEBUG [HikariPool-1 housekeeper][HikariPool.java:517] - HikariPool-1 - Fill pool skipped, pool is at sufficient level.
2023-08-09 11:39:54,506 DEBUG [HikariPool-1 housekeeper][HikariPool.java:421] - HikariPool-1 - Pool stats (total=10, active=0, idle=10, waiting=0)
2023-08-09 11:39:54,506 DEBUG [HikariPool-1 housekeeper][HikariPool.java:421] - HikariPool-1 - Pool stats (total=10, active=0, idle=10, waiting=0)
2023-08-09 11:39:54,506 DEBUG [HikariPool-1 housekeeper][HikariPool.java:517] - HikariPool-1 - Fill pool skipped, pool is at sufficient level.
2023-08-09 11:39:54,506 DEBUG [HikariPool-1 housekeeper][HikariPool.java:517] - HikariPool-1 - Fill pool skipped, pool is at sufficient level.
2023-08-09 11:40:24,507 DEBUG [HikariPool-1 housekeeper][HikariPool.java:421] - HikariPool-1 - Pool stats (total=10, active=0, idle=10, waiting=0)
2023-08-09 11:40:24,507 DEBUG [HikariPool-1 housekeeper][HikariPool.java:421] - HikariPool-1 - Pool stats (total=10, active=0, idle=10, waiting=0)
2023-08-09 11:40:24,507 DEBUG [HikariPool-1 housekeeper][HikariPool.java:517] - HikariPool-1 - Fill pool skipped, pool is at sufficient level.
2023-08-09 11:40:24,507 DEBUG [HikariPool-1 housekeeper][HikariPool.java:517] - HikariPool-1 - Fill pool skipped, pool is at sufficient level.
2023-08-09 11:40:54,509 DEBUG [HikariPool-1 housekeeper][HikariPool.java:421] - HikariPool-1 - Pool stats (total=10, active=0, idle=10, waiting=0)
2023-08-09 11:40:54,509 DEBUG [HikariPool-1 housekeeper][HikariPool.java:421] - HikariPool-1 - Pool stats (total=10, active=0, idle=10, waiting=0)
2023-08-09 11:40:54,509 DEBUG [HikariPool-1 housekeeper][HikariPool.java:517] - HikariPool-1 - Fill pool skipped, pool is at sufficient level.
2023-08-09 11:40:54,509 DEBUG [HikariPool-1 housekeeper][HikariPool.java:517] - HikariPool-1 - Fill pool skipped, pool is at sufficient level.
2023-08-09 11:41:24,510 DEBUG [HikariPool-1 housekeeper][HikariPool.java:421] - HikariPool-1 - Pool stats (total=10, active=0, idle=10, waiting=0)
2023-08-09 11:41:24,510 DEBUG [HikariPool-1 housekeeper][HikariPool.java:421] - HikariPool-1 - Pool stats (total=10, active=0, idle=10, waiting=0)
2023-08-09 11:41:24,510 DEBUG [HikariPool-1 housekeeper][HikariPool.java:517] - HikariPool-1 - Fill pool skipped, pool is at sufficient level.
2023-08-09 11:41:24,510 DEBUG [HikariPool-1 housekeeper][HikariPool.java:517] - HikariPool-1 - Fill pool skipped, pool is at sufficient level.
2023-08-09 11:41:54,512 DEBUG [HikariPool-1 housekeeper][HikariPool.java:421] - HikariPool-1 - Pool stats (total=10, active=0, idle=10, waiting=0)
2023-08-09 11:41:54,512 DEBUG [HikariPool-1 housekeeper][HikariPool.java:421] - HikariPool-1 - Pool stats (total=10, active=0, idle=10, waiting=0)
2023-08-09 11:41:54,512 DEBUG [HikariPool-1 housekeeper][HikariPool.java:517] - HikariPool-1 - Fill pool skipped, pool is at sufficient level.
2023-08-09 11:41:54,512 DEBUG [HikariPool-1 housekeeper][HikariPool.java:517] - HikariPool-1 - Fill pool skipped, pool is at sufficient level.
2023-08-09 11:42:24,513 DEBUG [HikariPool-1 housekeeper][HikariPool.java:421] - HikariPool-1 - Pool stats (total=10, active=0, idle=10, waiting=0)
2023-08-09 11:42:24,513 DEBUG [HikariPool-1 housekeeper][HikariPool.java:421] - HikariPool-1 - Pool stats (total=10, active=0, idle=10, waiting=0)
2023-08-09 11:42:24,513 DEBUG [HikariPool-1 housekeeper][HikariPool.java:517] - HikariPool-1 - Fill pool skipped, pool is at sufficient level.
2023-08-09 11:42:24,513 DEBUG [HikariPool-1 housekeeper][HikariPool.java:517] - HikariPool-1 - Fill pool skipped, pool is at sufficient level.
2023-08-09 11:42:54,514 DEBUG [HikariPool-1 housekeeper][HikariPool.java:421] - HikariPool-1 - Pool stats (total=10, active=0, idle=10, waiting=0)
2023-08-09 11:42:54,514 DEBUG [HikariPool-1 housekeeper][HikariPool.java:421] - HikariPool-1 - Pool stats (total=10, active=0, idle=10, waiting=0)
2023-08-09 11:42:54,514 DEBUG [HikariPool-1 housekeeper][HikariPool.java:517] - HikariPool-1 - Fill pool skipped, pool is at sufficient level.
2023-08-09 11:42:54,514 DEBUG [HikariPool-1 housekeeper][HikariPool.java:517] - HikariPool-1 - Fill pool skipped, pool is at sufficient level.
2023-08-09 11:43:24,515 DEBUG [HikariPool-1 housekeeper][HikariPool.java:421] - HikariPool-1 - Pool stats (total=10, active=0, idle=10, waiting=0)
2023-08-09 11:43:24,515 DEBUG [HikariPool-1 housekeeper][HikariPool.java:421] - HikariPool-1 - Pool stats (total=10, active=0, idle=10, waiting=0)
2023-08-09 11:43:24,515 DEBUG [HikariPool-1 housekeeper][HikariPool.java:517] - HikariPool-1 - Fill pool skipped, pool is at sufficient level.
2023-08-09 11:43:24,515 DEBUG [HikariPool-1 housekeeper][HikariPool.java:517] - HikariPool-1 - Fill pool skipped, pool is at sufficient level.
2023-08-09 11:43:54,516 DEBUG [HikariPool-1 housekeeper][HikariPool.java:421] - HikariPool-1 - Pool stats (total=10, active=0, idle=10, waiting=0)
2023-08-09 11:43:54,516 DEBUG [HikariPool-1 housekeeper][HikariPool.java:421] - HikariPool-1 - Pool stats (total=10, active=0, idle=10, waiting=0)
2023-08-09 11:43:54,516 DEBUG [HikariPool-1 housekeeper][HikariPool.java:517] - HikariPool-1 - Fill pool skipped, pool is at sufficient level.
2023-08-09 11:43:54,516 DEBUG [HikariPool-1 housekeeper][HikariPool.java:517] - HikariPool-1 - Fill pool skipped, pool is at sufficient level.
2023-08-09 11:44:24,518 DEBUG [HikariPool-1 housekeeper][HikariPool.java:421] - HikariPool-1 - Pool stats (total=10, active=0, idle=10, waiting=0)
2023-08-09 11:44:24,518 DEBUG [HikariPool-1 housekeeper][HikariPool.java:421] - HikariPool-1 - Pool stats (total=10, active=0, idle=10, waiting=0)
2023-08-09 11:44:24,518 DEBUG [HikariPool-1 housekeeper][HikariPool.java:517] - HikariPool-1 - Fill pool skipped, pool is at sufficient level.
2023-08-09 11:44:24,518 DEBUG [HikariPool-1 housekeeper][HikariPool.java:517] - HikariPool-1 - Fill pool skipped, pool is at sufficient level.
2023-08-09 11:44:54,519 DEBUG [HikariPool-1 housekeeper][HikariPool.java:421] - HikariPool-1 - Pool stats (total=10, active=0, idle=10, waiting=0)
2023-08-09 11:44:54,519 DEBUG [HikariPool-1 housekeeper][HikariPool.java:421] - HikariPool-1 - Pool stats (total=10, active=0, idle=10, waiting=0)
2023-08-09 11:44:54,519 DEBUG [HikariPool-1 housekeeper][HikariPool.java:517] - HikariPool-1 - Fill pool skipped, pool is at sufficient level.
2023-08-09 11:44:54,519 DEBUG [HikariPool-1 housekeeper][HikariPool.java:517] - HikariPool-1 - Fill pool skipped, pool is at sufficient level.
2023-08-09 11:45:24,521 DEBUG [HikariPool-1 housekeeper][HikariPool.java:421] - HikariPool-1 - Pool stats (total=10, active=0, idle=10, waiting=0)
2023-08-09 11:45:24,521 DEBUG [HikariPool-1 housekeeper][HikariPool.java:421] - HikariPool-1 - Pool stats (total=10, active=0, idle=10, waiting=0)
2023-08-09 11:45:24,522 DEBUG [HikariPool-1 housekeeper][HikariPool.java:517] - HikariPool-1 - Fill pool skipped, pool is at sufficient level.
2023-08-09 11:45:24,522 DEBUG [HikariPool-1 housekeeper][HikariPool.java:517] - HikariPool-1 - Fill pool skipped, pool is at sufficient level.
2023-08-09 11:45:54,523 DEBUG [HikariPool-1 housekeeper][HikariPool.java:421] - HikariPool-1 - Pool stats (total=10, active=0, idle=10, waiting=0)
2023-08-09 11:45:54,523 DEBUG [HikariPool-1 housekeeper][HikariPool.java:421] - HikariPool-1 - Pool stats (total=10, active=0, idle=10, waiting=0)
2023-08-09 11:45:54,523 DEBUG [HikariPool-1 housekeeper][HikariPool.java:517] - HikariPool-1 - Fill pool skipped, pool is at sufficient level.
2023-08-09 11:45:54,523 DEBUG [HikariPool-1 housekeeper][HikariPool.java:517] - HikariPool-1 - Fill pool skipped, pool is at sufficient level.
2023-08-09 11:46:24,525 DEBUG [HikariPool-1 housekeeper][HikariPool.java:421] - HikariPool-1 - Pool stats (total=10, active=0, idle=10, waiting=0)
2023-08-09 11:46:24,525 DEBUG [HikariPool-1 housekeeper][HikariPool.java:421] - HikariPool-1 - Pool stats (total=10, active=0, idle=10, waiting=0)
2023-08-09 11:46:24,525 DEBUG [HikariPool-1 housekeeper][HikariPool.java:517] - HikariPool-1 - Fill pool skipped, pool is at sufficient level.
2023-08-09 11:46:24,525 DEBUG [HikariPool-1 housekeeper][HikariPool.java:517] - HikariPool-1 - Fill pool skipped, pool is at sufficient level.
2023-08-09 11:46:54,526 DEBUG [HikariPool-1 housekeeper][HikariPool.java:421] - HikariPool-1 - Pool stats (total=10, active=0, idle=10, waiting=0)
2023-08-09 11:46:54,526 DEBUG [HikariPool-1 housekeeper][HikariPool.java:421] - HikariPool-1 - Pool stats (total=10, active=0, idle=10, waiting=0)
2023-08-09 11:46:54,526 DEBUG [HikariPool-1 housekeeper][HikariPool.java:517] - HikariPool-1 - Fill pool skipped, pool is at sufficient level.
2023-08-09 11:46:54,526 DEBUG [HikariPool-1 housekeeper][HikariPool.java:517] - HikariPool-1 - Fill pool skipped, pool is at sufficient level.
2023-08-09 11:47:11,354 DEBUG [HikariPool-1 connection closer][PoolBase.java:134] - HikariPool-1 - Closing connection com.mysql.cj.jdbc.ConnectionImpl@34301005: (connection has passed maxLifetime)
2023-08-09 11:47:11,354 DEBUG [HikariPool-1 connection closer][PoolBase.java:134] - HikariPool-1 - Closing connection com.mysql.cj.jdbc.ConnectionImpl@34301005: (connection has passed maxLifetime)
2023-08-09 11:47:11,365 DEBUG [HikariPool-1 connection adder][HikariPool.java:728] - HikariPool-1 - Added connection com.mysql.cj.jdbc.ConnectionImpl@63c4095b
2023-08-09 11:47:11,365 DEBUG [HikariPool-1 connection adder][HikariPool.java:728] - HikariPool-1 - Added connection com.mysql.cj.jdbc.ConnectionImpl@63c4095b
2023-08-09 11:47:16,866 DEBUG [HikariPool-1 connection closer][PoolBase.java:134] - HikariPool-1 - Closing connection com.mysql.cj.jdbc.ConnectionImpl@4afe0ec5: (connection has passed maxLifetime)
2023-08-09 11:47:16,866 DEBUG [HikariPool-1 connection closer][PoolBase.java:134] - HikariPool-1 - Closing connection com.mysql.cj.jdbc.ConnectionImpl@4afe0ec5: (connection has passed maxLifetime)
2023-08-09 11:47:16,883 DEBUG [HikariPool-1 connection adder][HikariPool.java:728] - HikariPool-1 - Added connection com.mysql.cj.jdbc.ConnectionImpl@a3a5491
2023-08-09 11:47:16,883 DEBUG [HikariPool-1 connection adder][HikariPool.java:728] - HikariPool-1 - Added connection com.mysql.cj.jdbc.ConnectionImpl@a3a5491
2023-08-09 11:47:22,285 DEBUG [HikariPool-1 connection closer][PoolBase.java:134] - HikariPool-1 - Closing connection com.mysql.cj.jdbc.ConnectionImpl@1684b5dd: (connection has passed maxLifetime)
2023-08-09 11:47:22,285 DEBUG [HikariPool-1 connection closer][PoolBase.java:134] - HikariPool-1 - Closing connection com.mysql.cj.jdbc.ConnectionImpl@1684b5dd: (connection has passed maxLifetime)
2023-08-09 11:47:22,294 DEBUG [HikariPool-1 connection adder][HikariPool.java:728] - HikariPool-1 - Added connection com.mysql.cj.jdbc.ConnectionImpl@64e8e8b4
2023-08-09 11:47:22,294 DEBUG [HikariPool-1 connection adder][HikariPool.java:728] - HikariPool-1 - Added connection com.mysql.cj.jdbc.ConnectionImpl@64e8e8b4
2023-08-09 11:47:22,371 DEBUG [HikariPool-1 connection closer][PoolBase.java:134] - HikariPool-1 - Closing connection com.mysql.cj.jdbc.ConnectionImpl@3d45c5f3: (connection has passed maxLifetime)
2023-08-09 11:47:22,371 DEBUG [HikariPool-1 connection closer][PoolBase.java:134] - HikariPool-1 - Closing connection com.mysql.cj.jdbc.ConnectionImpl@3d45c5f3: (connection has passed maxLifetime)
2023-08-09 11:47:22,381 DEBUG [HikariPool-1 connection adder][HikariPool.java:728] - HikariPool-1 - Added connection com.mysql.cj.jdbc.ConnectionImpl@25d5e28f
2023-08-09 11:47:22,381 DEBUG [HikariPool-1 connection adder][HikariPool.java:728] - HikariPool-1 - Added connection com.mysql.cj.jdbc.ConnectionImpl@25d5e28f
2023-08-09 11:47:22,669 DEBUG [HikariPool-1 connection closer][PoolBase.java:134] - HikariPool-1 - Closing connection com.mysql.cj.jdbc.ConnectionImpl@6cfde2fe: (connection has passed maxLifetime)
2023-08-09 11:47:22,669 DEBUG [HikariPool-1 connection closer][PoolBase.java:134] - HikariPool-1 - Closing connection com.mysql.cj.jdbc.ConnectionImpl@6cfde2fe: (connection has passed maxLifetime)
2023-08-09 11:47:22,679 DEBUG [HikariPool-1 connection adder][HikariPool.java:728] - HikariPool-1 - Added connection com.mysql.cj.jdbc.ConnectionImpl@143ae5bd
2023-08-09 11:47:22,679 DEBUG [HikariPool-1 connection adder][HikariPool.java:728] - HikariPool-1 - Added connection com.mysql.cj.jdbc.ConnectionImpl@143ae5bd
2023-08-09 11:47:24,528 DEBUG [HikariPool-1 housekeeper][HikariPool.java:421] - HikariPool-1 - Pool stats (total=10, active=0, idle=10, waiting=0)
2023-08-09 11:47:24,528 DEBUG [HikariPool-1 housekeeper][HikariPool.java:421] - HikariPool-1 - Pool stats (total=10, active=0, idle=10, waiting=0)
2023-08-09 11:47:24,528 DEBUG [HikariPool-1 housekeeper][HikariPool.java:517] - HikariPool-1 - Fill pool skipped, pool is at sufficient level.
2023-08-09 11:47:24,528 DEBUG [HikariPool-1 housekeeper][HikariPool.java:517] - HikariPool-1 - Fill pool skipped, pool is at sufficient level.
2023-08-09 11:47:28,992 DEBUG [HikariPool-1 connection closer][PoolBase.java:134] - HikariPool-1 - Closing connection com.mysql.cj.jdbc.ConnectionImpl@5d6a3abc: (connection has passed maxLifetime)
2023-08-09 11:47:28,992 DEBUG [HikariPool-1 connection closer][PoolBase.java:134] - HikariPool-1 - Closing connection com.mysql.cj.jdbc.ConnectionImpl@5d6a3abc: (connection has passed maxLifetime)
2023-08-09 11:47:29,003 DEBUG [HikariPool-1 connection adder][HikariPool.java:728] - HikariPool-1 - Added connection com.mysql.cj.jdbc.ConnectionImpl@385aaf94
2023-08-09 11:47:29,003 DEBUG [HikariPool-1 connection adder][HikariPool.java:728] - HikariPool-1 - Added connection com.mysql.cj.jdbc.ConnectionImpl@385aaf94
2023-08-09 11:47:29,664 DEBUG [HikariPool-1 connection closer][PoolBase.java:134] - HikariPool-1 - Closing connection com.mysql.cj.jdbc.ConnectionImpl@1c573087: (connection has passed maxLifetime)
2023-08-09 11:47:29,664 DEBUG [HikariPool-1 connection closer][PoolBase.java:134] - HikariPool-1 - Closing connection com.mysql.cj.jdbc.ConnectionImpl@1c573087: (connection has passed maxLifetime)
2023-08-09 11:47:29,673 DEBUG [HikariPool-1 connection adder][HikariPool.java:728] - HikariPool-1 - Added connection com.mysql.cj.jdbc.ConnectionImpl@928b27f
2023-08-09 11:47:29,673 DEBUG [HikariPool-1 connection adder][HikariPool.java:728] - HikariPool-1 - Added connection com.mysql.cj.jdbc.ConnectionImpl@928b27f
2023-08-09 11:47:38,047 DEBUG [HikariPool-1 connection closer][PoolBase.java:134] - HikariPool-1 - Closing connection com.mysql.cj.jdbc.ConnectionImpl@590b8920: (connection has passed maxLifetime)
2023-08-09 11:47:38,047 DEBUG [HikariPool-1 connection closer][PoolBase.java:134] - HikariPool-1 - Closing connection com.mysql.cj.jdbc.ConnectionImpl@590b8920: (connection has passed maxLifetime)
2023-08-09 11:47:38,057 DEBUG [HikariPool-1 connection adder][HikariPool.java:728] - HikariPool-1 - Added connection com.mysql.cj.jdbc.ConnectionImpl@5df09970
2023-08-09 11:47:38,057 DEBUG [HikariPool-1 connection adder][HikariPool.java:728] - HikariPool-1 - Added connection com.mysql.cj.jdbc.ConnectionImpl@5df09970
2023-08-09 11:47:43,608 DEBUG [HikariPool-1 connection closer][PoolBase.java:134] - HikariPool-1 - Closing connection com.mysql.cj.jdbc.ConnectionImpl@390b9c0f: (connection has passed maxLifetime)
2023-08-09 11:47:43,608 DEBUG [HikariPool-1 connection closer][PoolBase.java:134] - HikariPool-1 - Closing connection com.mysql.cj.jdbc.ConnectionImpl@390b9c0f: (connection has passed maxLifetime)
2023-08-09 11:47:43,617 DEBUG [HikariPool-1 connection adder][HikariPool.java:728] - HikariPool-1 - Added connection com.mysql.cj.jdbc.ConnectionImpl@52cece35
2023-08-09 11:47:43,617 DEBUG [HikariPool-1 connection adder][HikariPool.java:728] - HikariPool-1 - Added connection com.mysql.cj.jdbc.ConnectionImpl@52cece35
2023-08-09 11:47:46,570 DEBUG [HikariPool-1 connection closer][PoolBase.java:134] - HikariPool-1 - Closing connection com.mysql.cj.jdbc.ConnectionImpl@2eb506ec: (connection has passed maxLifetime)
2023-08-09 11:47:46,570 DEBUG [HikariPool-1 connection closer][PoolBase.java:134] - HikariPool-1 - Closing connection com.mysql.cj.jdbc.ConnectionImpl@2eb506ec: (connection has passed maxLifetime)
2023-08-09 11:47:46,579 DEBUG [HikariPool-1 connection adder][HikariPool.java:728] - HikariPool-1 - Added connection com.mysql.cj.jdbc.ConnectionImpl@13f3c40e
2023-08-09 11:47:46,579 DEBUG [HikariPool-1 connection adder][HikariPool.java:728] - HikariPool-1 - Added connection com.mysql.cj.jdbc.ConnectionImpl@13f3c40e
2023-08-09 11:47:54,528 DEBUG [HikariPool-1 housekeeper][HikariPool.java:421] - HikariPool-1 - Pool stats (total=10, active=0, idle=10, waiting=0)
2023-08-09 11:47:54,528 DEBUG [HikariPool-1 housekeeper][HikariPool.java:421] - HikariPool-1 - Pool stats (total=10, active=0, idle=10, waiting=0)
2023-08-09 11:47:54,528 DEBUG [HikariPool-1 housekeeper][HikariPool.java:517] - HikariPool-1 - Fill pool skipped, pool is at sufficient level.
2023-08-09 11:47:54,528 DEBUG [HikariPool-1 housekeeper][HikariPool.java:517] - HikariPool-1 - Fill pool skipped, pool is at sufficient level.
2023-08-09 11:48:24,529 DEBUG [HikariPool-1 housekeeper][HikariPool.java:421] - HikariPool-1 - Pool stats (total=10, active=0, idle=10, waiting=0)
2023-08-09 11:48:24,529 DEBUG [HikariPool-1 housekeeper][HikariPool.java:421] - HikariPool-1 - Pool stats (total=10, active=0, idle=10, waiting=0)
2023-08-09 11:48:24,529 DEBUG [HikariPool-1 housekeeper][HikariPool.java:517] - HikariPool-1 - Fill pool skipped, pool is at sufficient level.
2023-08-09 11:48:24,529 DEBUG [HikariPool-1 housekeeper][HikariPool.java:517] - HikariPool-1 - Fill pool skipped, pool is at sufficient level.
2023-08-09 11:48:54,530 DEBUG [HikariPool-1 housekeeper][HikariPool.java:421] - HikariPool-1 - Pool stats (total=10, active=0, idle=10, waiting=0)
2023-08-09 11:48:54,530 DEBUG [HikariPool-1 housekeeper][HikariPool.java:421] - HikariPool-1 - Pool stats (total=10, active=0, idle=10, waiting=0)
2023-08-09 11:48:54,530 DEBUG [HikariPool-1 housekeeper][HikariPool.java:517] - HikariPool-1 - Fill pool skipped, pool is at sufficient level.
2023-08-09 11:48:54,530 DEBUG [HikariPool-1 housekeeper][HikariPool.java:517] - HikariPool-1 - Fill pool skipped, pool is at sufficient level.
2023-08-09 11:49:24,530 DEBUG [HikariPool-1 housekeeper][HikariPool.java:421] - HikariPool-1 - Pool stats (total=10, active=0, idle=10, waiting=0)
2023-08-09 11:49:24,530 DEBUG [HikariPool-1 housekeeper][HikariPool.java:421] - HikariPool-1 - Pool stats (total=10, active=0, idle=10, waiting=0)
2023-08-09 11:49:24,530 DEBUG [HikariPool-1 housekeeper][HikariPool.java:517] - HikariPool-1 - Fill pool skipped, pool is at sufficient level.
2023-08-09 11:49:24,530 DEBUG [HikariPool-1 housekeeper][HikariPool.java:517] - HikariPool-1 - Fill pool skipped, pool is at sufficient level.
2023-08-09 11:49:54,531 DEBUG [HikariPool-1 housekeeper][HikariPool.java:421] - HikariPool-1 - Pool stats (total=10, active=0, idle=10, waiting=0)
2023-08-09 11:49:54,531 DEBUG [HikariPool-1 housekeeper][HikariPool.java:421] - HikariPool-1 - Pool stats (total=10, active=0, idle=10, waiting=0)
2023-08-09 11:49:54,531 DEBUG [HikariPool-1 housekeeper][HikariPool.java:517] - HikariPool-1 - Fill pool skipped, pool is at sufficient level.
2023-08-09 11:49:54,531 DEBUG [HikariPool-1 housekeeper][HikariPool.java:517] - HikariPool-1 - Fill pool skipped, pool is at sufficient level.
2023-08-09 11:50:24,532 DEBUG [HikariPool-1 housekeeper][HikariPool.java:421] - HikariPool-1 - Pool stats (total=10, active=0, idle=10, waiting=0)
2023-08-09 11:50:24,532 DEBUG [HikariPool-1 housekeeper][HikariPool.java:421] - HikariPool-1 - Pool stats (total=10, active=0, idle=10, waiting=0)
2023-08-09 11:50:24,532 DEBUG [HikariPool-1 housekeeper][HikariPool.java:517] - HikariPool-1 - Fill pool skipped, pool is at sufficient level.
2023-08-09 11:50:24,532 DEBUG [HikariPool-1 housekeeper][HikariPool.java:517] - HikariPool-1 - Fill pool skipped, pool is at sufficient level.
2023-08-09 11:50:54,534 DEBUG [HikariPool-1 housekeeper][HikariPool.java:421] - HikariPool-1 - Pool stats (total=10, active=0, idle=10, waiting=0)
2023-08-09 11:50:54,534 DEBUG [HikariPool-1 housekeeper][HikariPool.java:421] - HikariPool-1 - Pool stats (total=10, active=0, idle=10, waiting=0)
2023-08-09 11:50:54,534 DEBUG [HikariPool-1 housekeeper][HikariPool.java:517] - HikariPool-1 - Fill pool skipped, pool is at sufficient level.
2023-08-09 11:50:54,534 DEBUG [HikariPool-1 housekeeper][HikariPool.java:517] - HikariPool-1 - Fill pool skipped, pool is at sufficient level.
2023-08-09 11:51:24,536 DEBUG [HikariPool-1 housekeeper][HikariPool.java:421] - HikariPool-1 - Pool stats (total=10, active=0, idle=10, waiting=0)
2023-08-09 11:51:24,536 DEBUG [HikariPool-1 housekeeper][HikariPool.java:421] - HikariPool-1 - Pool stats (total=10, active=0, idle=10, waiting=0)
2023-08-09 11:51:24,536 DEBUG [HikariPool-1 housekeeper][HikariPool.java:517] - HikariPool-1 - Fill pool skipped, pool is at sufficient level.
2023-08-09 11:51:24,536 DEBUG [HikariPool-1 housekeeper][HikariPool.java:517] - HikariPool-1 - Fill pool skipped, pool is at sufficient level.
2023-08-09 11:51:54,537 DEBUG [HikariPool-1 housekeeper][HikariPool.java:421] - HikariPool-1 - Pool stats (total=10, active=0, idle=10, waiting=0)
2023-08-09 11:51:54,537 DEBUG [HikariPool-1 housekeeper][HikariPool.java:421] - HikariPool-1 - Pool stats (total=10, active=0, idle=10, waiting=0)
2023-08-09 11:51:54,537 DEBUG [HikariPool-1 housekeeper][HikariPool.java:517] - HikariPool-1 - Fill pool skipped, pool is at sufficient level.
2023-08-09 11:51:54,537 DEBUG [HikariPool-1 housekeeper][HikariPool.java:517] - HikariPool-1 - Fill pool skipped, pool is at sufficient level.
2023-08-09 11:52:24,538 DEBUG [HikariPool-1 housekeeper][HikariPool.java:421] - HikariPool-1 - Pool stats (total=10, active=0, idle=10, waiting=0)
2023-08-09 11:52:24,538 DEBUG [HikariPool-1 housekeeper][HikariPool.java:421] - HikariPool-1 - Pool stats (total=10, active=0, idle=10, waiting=0)
2023-08-09 11:52:24,538 DEBUG [HikariPool-1 housekeeper][HikariPool.java:517] - HikariPool-1 - Fill pool skipped, pool is at sufficient level.
2023-08-09 11:52:24,538 DEBUG [HikariPool-1 housekeeper][HikariPool.java:517] - HikariPool-1 - Fill pool skipped, pool is at sufficient level.
2023-08-09 11:52:54,540 DEBUG [HikariPool-1 housekeeper][HikariPool.java:421] - HikariPool-1 - Pool stats (total=10, active=0, idle=10, waiting=0)
2023-08-09 11:52:54,540 DEBUG [HikariPool-1 housekeeper][HikariPool.java:421] - HikariPool-1 - Pool stats (total=10, active=0, idle=10, waiting=0)
2023-08-09 11:52:54,540 DEBUG [HikariPool-1 housekeeper][HikariPool.java:517] - HikariPool-1 - Fill pool skipped, pool is at sufficient level.
2023-08-09 11:52:54,540 DEBUG [HikariPool-1 housekeeper][HikariPool.java:517] - HikariPool-1 - Fill pool skipped, pool is at sufficient level.
2023-08-09 11:53:24,541 DEBUG [HikariPool-1 housekeeper][HikariPool.java:421] - HikariPool-1 - Pool stats (total=10, active=0, idle=10, waiting=0)
2023-08-09 11:53:24,541 DEBUG [HikariPool-1 housekeeper][HikariPool.java:421] - HikariPool-1 - Pool stats (total=10, active=0, idle=10, waiting=0)
2023-08-09 11:53:24,541 DEBUG [HikariPool-1 housekeeper][HikariPool.java:517] - HikariPool-1 - Fill pool skipped, pool is at sufficient level.
2023-08-09 11:53:24,541 DEBUG [HikariPool-1 housekeeper][HikariPool.java:517] - HikariPool-1 - Fill pool skipped, pool is at sufficient level.
2023-08-09 11:53:54,542 DEBUG [HikariPool-1 housekeeper][HikariPool.java:421] - HikariPool-1 - Pool stats (total=10, active=0, idle=10, waiting=0)
2023-08-09 11:53:54,542 DEBUG [HikariPool-1 housekeeper][HikariPool.java:421] - HikariPool-1 - Pool stats (total=10, active=0, idle=10, waiting=0)
2023-08-09 11:53:54,542 DEBUG [HikariPool-1 housekeeper][HikariPool.java:517] - HikariPool-1 - Fill pool skipped, pool is at sufficient level.
2023-08-09 11:53:54,542 DEBUG [HikariPool-1 housekeeper][HikariPool.java:517] - HikariPool-1 - Fill pool skipped, pool is at sufficient level.
2023-08-09 11:54:24,543 DEBUG [HikariPool-1 housekeeper][HikariPool.java:421] - HikariPool-1 - Pool stats (total=10, active=0, idle=10, waiting=0)
2023-08-09 11:54:24,543 DEBUG [HikariPool-1 housekeeper][HikariPool.java:421] - HikariPool-1 - Pool stats (total=10, active=0, idle=10, waiting=0)
2023-08-09 11:54:24,543 DEBUG [HikariPool-1 housekeeper][HikariPool.java:517] - HikariPool-1 - Fill pool skipped, pool is at sufficient level.
2023-08-09 11:54:24,543 DEBUG [HikariPool-1 housekeeper][HikariPool.java:517] - HikariPool-1 - Fill pool skipped, pool is at sufficient level.
2023-08-09 11:54:54,545 DEBUG [HikariPool-1 housekeeper][HikariPool.java:421] - HikariPool-1 - Pool stats (total=10, active=0, idle=10, waiting=0)
2023-08-09 11:54:54,545 DEBUG [HikariPool-1 housekeeper][HikariPool.java:421] - HikariPool-1 - Pool stats (total=10, active=0, idle=10, waiting=0)
2023-08-09 11:54:54,545 DEBUG [HikariPool-1 housekeeper][HikariPool.java:517] - HikariPool-1 - Fill pool skipped, pool is at sufficient level.
2023-08-09 11:54:54,545 DEBUG [HikariPool-1 housekeeper][HikariPool.java:517] - HikariPool-1 - Fill pool skipped, pool is at sufficient level.
2023-08-09 11:55:24,547 DEBUG [HikariPool-1 housekeeper][HikariPool.java:421] - HikariPool-1 - Pool stats (total=10, active=0, idle=10, waiting=0)
2023-08-09 11:55:24,547 DEBUG [HikariPool-1 housekeeper][HikariPool.java:421] - HikariPool-1 - Pool stats (total=10, active=0, idle=10, waiting=0)
2023-08-09 11:55:24,547 DEBUG [HikariPool-1 housekeeper][HikariPool.java:517] - HikariPool-1 - Fill pool skipped, pool is at sufficient level.
2023-08-09 11:55:24,547 DEBUG [HikariPool-1 housekeeper][HikariPool.java:517] - HikariPool-1 - Fill pool skipped, pool is at sufficient level.
2023-08-09 11:55:54,548 DEBUG [HikariPool-1 housekeeper][HikariPool.java:421] - HikariPool-1 - Pool stats (total=10, active=0, idle=10, waiting=0)
2023-08-09 11:55:54,548 DEBUG [HikariPool-1 housekeeper][HikariPool.java:421] - HikariPool-1 - Pool stats (total=10, active=0, idle=10, waiting=0)
2023-08-09 11:55:54,548 DEBUG [HikariPool-1 housekeeper][HikariPool.java:517] - HikariPool-1 - Fill pool skipped, pool is at sufficient level.
2023-08-09 11:55:54,548 DEBUG [HikariPool-1 housekeeper][HikariPool.java:517] - HikariPool-1 - Fill pool skipped, pool is at sufficient level.
2023-08-09 11:56:24,550 DEBUG [HikariPool-1 housekeeper][HikariPool.java:421] - HikariPool-1 - Pool stats (total=10, active=0, idle=10, waiting=0)
2023-08-09 11:56:24,550 DEBUG [HikariPool-1 housekeeper][HikariPool.java:421] - HikariPool-1 - Pool stats (total=10, active=0, idle=10, waiting=0)
2023-08-09 11:56:24,550 DEBUG [HikariPool-1 housekeeper][HikariPool.java:517] - HikariPool-1 - Fill pool skipped, pool is at sufficient level.
2023-08-09 11:56:24,550 DEBUG [HikariPool-1 housekeeper][HikariPool.java:517] - HikariPool-1 - Fill pool skipped, pool is at sufficient level.
2023-08-09 11:56:54,551 DEBUG [HikariPool-1 housekeeper][HikariPool.java:421] - HikariPool-1 - Pool stats (total=10, active=0, idle=10, waiting=0)
2023-08-09 11:56:54,551 DEBUG [HikariPool-1 housekeeper][HikariPool.java:421] - HikariPool-1 - Pool stats (total=10, active=0, idle=10, waiting=0)
2023-08-09 11:56:54,551 DEBUG [HikariPool-1 housekeeper][HikariPool.java:517] - HikariPool-1 - Fill pool skipped, pool is at sufficient level.
2023-08-09 11:56:54,551 DEBUG [HikariPool-1 housekeeper][HikariPool.java:517] - HikariPool-1 - Fill pool skipped, pool is at sufficient level.
2023-08-09 11:57:24,553 DEBUG [HikariPool-1 housekeeper][HikariPool.java:421] - HikariPool-1 - Pool stats (total=10, active=0, idle=10, waiting=0)
2023-08-09 11:57:24,553 DEBUG [HikariPool-1 housekeeper][HikariPool.java:421] - HikariPool-1 - Pool stats (total=10, active=0, idle=10, waiting=0)
2023-08-09 11:57:24,553 DEBUG [HikariPool-1 housekeeper][HikariPool.java:517] - HikariPool-1 - Fill pool skipped, pool is at sufficient level.
2023-08-09 11:57:24,553 DEBUG [HikariPool-1 housekeeper][HikariPool.java:517] - HikariPool-1 - Fill pool skipped, pool is at sufficient level.
2023-08-09 11:57:54,554 DEBUG [HikariPool-1 housekeeper][HikariPool.java:421] - HikariPool-1 - Pool stats (total=10, active=0, idle=10, waiting=0)
2023-08-09 11:57:54,554 DEBUG [HikariPool-1 housekeeper][HikariPool.java:421] - HikariPool-1 - Pool stats (total=10, active=0, idle=10, waiting=0)
2023-08-09 11:57:54,554 DEBUG [HikariPool-1 housekeeper][HikariPool.java:517] - HikariPool-1 - Fill pool skipped, pool is at sufficient level.
2023-08-09 11:57:54,554 DEBUG [HikariPool-1 housekeeper][HikariPool.java:517] - HikariPool-1 - Fill pool skipped, pool is at sufficient level.
2023-08-09 11:58:24,555 DEBUG [HikariPool-1 housekeeper][HikariPool.java:421] - HikariPool-1 - Pool stats (total=10, active=0, idle=10, waiting=0)
2023-08-09 11:58:24,555 DEBUG [HikariPool-1 housekeeper][HikariPool.java:421] - HikariPool-1 - Pool stats (total=10, active=0, idle=10, waiting=0)
2023-08-09 11:58:24,555 DEBUG [HikariPool-1 housekeeper][HikariPool.java:517] - HikariPool-1 - Fill pool skipped, pool is at sufficient level.
2023-08-09 11:58:24,555 DEBUG [HikariPool-1 housekeeper][HikariPool.java:517] - HikariPool-1 - Fill pool skipped, pool is at sufficient level.
2023-08-09 11:58:54,556 DEBUG [HikariPool-1 housekeeper][HikariPool.java:421] - HikariPool-1 - Pool stats (total=10, active=0, idle=10, waiting=0)
2023-08-09 11:58:54,556 DEBUG [HikariPool-1 housekeeper][HikariPool.java:421] - HikariPool-1 - Pool stats (total=10, active=0, idle=10, waiting=0)
2023-08-09 11:58:54,556 DEBUG [HikariPool-1 housekeeper][HikariPool.java:517] - HikariPool-1 - Fill pool skipped, pool is at sufficient level.
2023-08-09 11:58:54,556 DEBUG [HikariPool-1 housekeeper][HikariPool.java:517] - HikariPool-1 - Fill pool skipped, pool is at sufficient level.
2023-08-09 11:59:24,557 DEBUG [HikariPool-1 housekeeper][HikariPool.java:421] - HikariPool-1 - Pool stats (total=10, active=0, idle=10, waiting=0)
2023-08-09 11:59:24,557 DEBUG [HikariPool-1 housekeeper][HikariPool.java:421] - HikariPool-1 - Pool stats (total=10, active=0, idle=10, waiting=0)
2023-08-09 11:59:24,557 DEBUG [HikariPool-1 housekeeper][HikariPool.java:517] - HikariPool-1 - Fill pool skipped, pool is at sufficient level.
2023-08-09 11:59:24,557 DEBUG [HikariPool-1 housekeeper][HikariPool.java:517] - HikariPool-1 - Fill pool skipped, pool is at sufficient level.
2023-08-09 11:59:54,559 DEBUG [HikariPool-1 housekeeper][HikariPool.java:421] - HikariPool-1 - Pool stats (total=10, active=0, idle=10, waiting=0)
2023-08-09 11:59:54,559 DEBUG [HikariPool-1 housekeeper][HikariPool.java:421] - HikariPool-1 - Pool stats (total=10, active=0, idle=10, waiting=0)
2023-08-09 11:59:54,559 DEBUG [HikariPool-1 housekeeper][HikariPool.java:517] - HikariPool-1 - Fill pool skipped, pool is at sufficient level.
2023-08-09 11:59:54,559 DEBUG [HikariPool-1 housekeeper][HikariPool.java:517] - HikariPool-1 - Fill pool skipped, pool is at sufficient level.
