2023-08-12 16:02:58,068 ERROR [main][PushReceiver.java:81] - [NA] init udp socket failed
java.net.BindException: Address already in use: Cannot bind
	at java.net.DualStackPlainDatagramSocketImpl.socketBind(Native Method)
	at java.net.DualStackPlainDatagramSocketImpl.bind0(DualStackPlainDatagramSocketImpl.java:84)
	at java.net.AbstractPlainDatagramSocketImpl.bind(AbstractPlainDatagramSocketImpl.java:99)
	at java.net.DatagramSocket.bind(DatagramSocket.java:392)
	at java.net.DatagramSocket.<init>(DatagramSocket.java:242)
	at java.net.DatagramSocket.<init>(DatagramSocket.java:196)
	at com.alibaba.nacos.client.naming.core.PushReceiver.<init>(PushReceiver.java:65)
	at com.alibaba.nacos.client.naming.core.HostReactor.<init>(HostReactor.java:115)
	at com.alibaba.nacos.client.naming.NacosNamingService.init(NacosNamingService.java:96)
	at com.alibaba.nacos.client.naming.NacosNamingService.<init>(NacosNamingService.java:81)
	at sun.reflect.NativeConstructorAccessorImpl.newInstance0(Native Method)
	at sun.reflect.NativeConstructorAccessorImpl.newInstance(NativeConstructorAccessorImpl.java:62)
	at sun.reflect.DelegatingConstructorAccessorImpl.newInstance(DelegatingConstructorAccessorImpl.java:45)
	at java.lang.reflect.Constructor.newInstance(Constructor.java:423)
	at com.alibaba.nacos.api.naming.NamingFactory.createNamingService(NamingFactory.java:60)
	at com.alibaba.nacos.api.NacosFactory.createNamingService(NacosFactory.java:77)
	at com.alibaba.cloud.nacos.NacosServiceManager.createNewNamingService(NacosServiceManager.java:98)
	at com.alibaba.cloud.nacos.NacosServiceManager.buildNamingService(NacosServiceManager.java:89)
	at com.alibaba.cloud.nacos.NacosServiceManager.getNamingService(NacosServiceManager.java:52)
	at com.alibaba.cloud.nacos.discovery.NacosWatch.start(NacosWatch.java:129)
	at org.springframework.context.support.DefaultLifecycleProcessor.doStart(DefaultLifecycleProcessor.java:182)
	at org.springframework.context.support.DefaultLifecycleProcessor.access$200(DefaultLifecycleProcessor.java:53)
	at org.springframework.context.support.DefaultLifecycleProcessor$LifecycleGroup.start(DefaultLifecycleProcessor.java:360)
	at org.springframework.context.support.DefaultLifecycleProcessor.startBeans(DefaultLifecycleProcessor.java:158)
	at org.springframework.context.support.DefaultLifecycleProcessor.onRefresh(DefaultLifecycleProcessor.java:122)
	at org.springframework.context.support.AbstractApplicationContext.finishRefresh(AbstractApplicationContext.java:895)
	at org.springframework.context.support.AbstractApplicationContext.refresh(AbstractApplicationContext.java:554)
	at org.springframework.boot.web.servlet.context.ServletWebServerApplicationContext.refresh(ServletWebServerApplicationContext.java:143)
	at org.springframework.boot.SpringApplication.refresh(SpringApplication.java:758)
	at org.springframework.boot.SpringApplication.refresh(SpringApplication.java:750)
	at org.springframework.boot.SpringApplication.refreshContext(SpringApplication.java:405)
	at org.springframework.boot.SpringApplication.run(SpringApplication.java:315)
	at org.springframework.boot.SpringApplication.run(SpringApplication.java:1237)
	at org.springframework.boot.SpringApplication.run(SpringApplication.java:1226)
	at com.xuecheng.MediaApplication.main(MediaApplication.java:12)
2023-08-12 16:02:58,079 ERROR [main][NacosWatch.java:135] - namingService subscribe failed, properties:NacosDiscoveryProperties{serverAddr='192.168.117.128:8848', endpoint='', namespace='dev', watchDelay=30000, logName='', service='media-api', weight=1.0, clusterName='DEFAULT', group='xuecheng-plus-project', namingLoadCacheAtStart='false', metadata={preserved.register.source=SPRING_CLOUD}, registerEnabled=true, ip='192.168.117.1', networkInterface='', port=-1, secure=false, accessKey='', secretKey='', heartBeatInterval=null, heartBeatTimeout=null, ipDeleteTimeout=null, failFast=true}
java.lang.NullPointerException
	at com.alibaba.nacos.client.naming.core.PushReceiver.getUdpPort(PushReceiver.java:149)
	at com.alibaba.nacos.client.naming.core.HostReactor.updateService(HostReactor.java:382)
	at com.alibaba.nacos.client.naming.core.HostReactor.updateServiceNow(HostReactor.java:345)
	at com.alibaba.nacos.client.naming.core.HostReactor.getServiceInfo(HostReactor.java:320)
	at com.alibaba.nacos.client.naming.core.HostReactor.subscribe(HostReactor.java:139)
	at com.alibaba.nacos.client.naming.NacosNamingService.subscribe(NacosNamingService.java:457)
	at com.alibaba.cloud.nacos.discovery.NacosWatch.start(NacosWatch.java:131)
	at org.springframework.context.support.DefaultLifecycleProcessor.doStart(DefaultLifecycleProcessor.java:182)
	at org.springframework.context.support.DefaultLifecycleProcessor.access$200(DefaultLifecycleProcessor.java:53)
	at org.springframework.context.support.DefaultLifecycleProcessor$LifecycleGroup.start(DefaultLifecycleProcessor.java:360)
	at org.springframework.context.support.DefaultLifecycleProcessor.startBeans(DefaultLifecycleProcessor.java:158)
	at org.springframework.context.support.DefaultLifecycleProcessor.onRefresh(DefaultLifecycleProcessor.java:122)
	at org.springframework.context.support.AbstractApplicationContext.finishRefresh(AbstractApplicationContext.java:895)
	at org.springframework.context.support.AbstractApplicationContext.refresh(AbstractApplicationContext.java:554)
	at org.springframework.boot.web.servlet.context.ServletWebServerApplicationContext.refresh(ServletWebServerApplicationContext.java:143)
	at org.springframework.boot.SpringApplication.refresh(SpringApplication.java:758)
	at org.springframework.boot.SpringApplication.refresh(SpringApplication.java:750)
	at org.springframework.boot.SpringApplication.refreshContext(SpringApplication.java:405)
	at org.springframework.boot.SpringApplication.run(SpringApplication.java:315)
	at org.springframework.boot.SpringApplication.run(SpringApplication.java:1237)
	at org.springframework.boot.SpringApplication.run(SpringApplication.java:1226)
	at com.xuecheng.MediaApplication.main(MediaApplication.java:12)
2023-08-12 16:07:46,585 ERROR [http-nio-6004-exec-4][MediaFileServiceImpl.java:126] - 上传文件出错,bucket:video,objectName:6/1/61f227da62a46afe3cc134da10a3872e/chunk/4,错误信息:Connection reset by peer: socket write error
2023-08-12 16:17:27,152 ERROR [http-nio-6004-exec-4][MediaFileServiceImpl.java:126] - 上传文件出错,bucket:video,objectName:6/1/61f227da62a46afe3cc134da10a3872e/chunk/1,错误信息:Connection reset by peer: socket write error
2023-08-12 16:20:37,276 ERROR [http-nio-6004-exec-4][MediaFileServiceImpl.java:126] - 上传文件出错,bucket:video,objectName:6/1/61f227da62a46afe3cc134da10a3872e/chunk/4,错误信息:Connection reset by peer: socket write error
2023-08-12 16:21:49,925 ERROR [http-nio-6004-exec-1][MediaFileServiceImpl.java:126] - 上传文件出错,bucket:video,objectName:6/1/61f227da62a46afe3cc134da10a3872e/chunk/0,错误信息:Connection reset by peer: socket write error
2023-08-12 16:24:10,298 ERROR [http-nio-6004-exec-9][MediaFileServiceImpl.java:126] - 上传文件出错,bucket:video,objectName:6/1/61f227da62a46afe3cc134da10a3872e/chunk/0,错误信息:Connection reset by peer: socket write error
