2023-08-08 14:57:41,003 DEBUG [background-preinit][LoggerProviders.java:152] - Logging Provider: org.jboss.logging.Log4j2LoggerProvider
2023-08-08 14:57:41,003 DEBUG [background-preinit][LoggerProviders.java:152] - Logging Provider: org.jboss.logging.Log4j2LoggerProvider
2023-08-08 14:57:41,015 INFO [background-preinit][Version.java:21] - HV000001: Hibernate Validator 6.1.6.Final
2023-08-08 14:57:41,015 INFO [background-preinit][Version.java:21] - HV000001: Hibernate Validator 6.1.6.Final
2023-08-08 14:57:41,021 DEBUG [background-preinit][ValidationXmlParser.java:120] - Trying to load META-INF/validation.xml for XML based Validator configuration.
2023-08-08 14:57:41,021 DEBUG [background-preinit][ValidationXmlParser.java:120] - Trying to load META-INF/validation.xml for XML based Validator configuration.
2023-08-08 14:57:41,023 DEBUG [background-preinit][ResourceLoaderHelper.java:60] - Trying to load META-INF/validation.xml via TCCL
2023-08-08 14:57:41,023 DEBUG [background-preinit][ResourceLoaderHelper.java:60] - Trying to load META-INF/validation.xml via TCCL
2023-08-08 14:57:41,024 DEBUG [background-preinit][ResourceLoaderHelper.java:66] - Trying to load META-INF/validation.xml via Hibernate Validator's class loader
2023-08-08 14:57:41,024 DEBUG [background-preinit][ResourceLoaderHelper.java:66] - Trying to load META-INF/validation.xml via Hibernate Validator's class loader
2023-08-08 14:57:41,024 DEBUG [background-preinit][ValidationXmlParser.java:127] - No META-INF/validation.xml found. Using annotation based configuration only.
2023-08-08 14:57:41,024 DEBUG [background-preinit][ValidationXmlParser.java:127] - No META-INF/validation.xml found. Using annotation based configuration only.
2023-08-08 14:57:41,027 DEBUG [background-preinit][TraversableResolvers.java:60] - Cannot find javax.persistence.Persistence on classpath. Assuming non JPA 2 environment. All properties will per default be traversable.
2023-08-08 14:57:41,027 DEBUG [background-preinit][TraversableResolvers.java:60] - Cannot find javax.persistence.Persistence on classpath. Assuming non JPA 2 environment. All properties will per default be traversable.
2023-08-08 14:57:41,044 DEBUG [background-preinit][ResourceBundleMessageInterpolator.java:172] - Loaded expression factory via original TCCL
2023-08-08 14:57:41,044 DEBUG [background-preinit][ResourceBundleMessageInterpolator.java:172] - Loaded expression factory via original TCCL
2023-08-08 14:57:41,182 DEBUG [background-preinit][ValidatorFactoryConfigurationHelper.java:300] - HV000252: Using org.hibernate.validator.internal.engine.DefaultPropertyNodeNameProvider as property node name provider.
2023-08-08 14:57:41,182 DEBUG [background-preinit][ValidatorFactoryConfigurationHelper.java:300] - HV000252: Using org.hibernate.validator.internal.engine.DefaultPropertyNodeNameProvider as property node name provider.
2023-08-08 14:57:41,186 DEBUG [background-preinit][ValidatorFactoryConfigurationHelper.java:375] - HV000234: Using org.hibernate.validator.messageinterpolation.ResourceBundleMessageInterpolator as ValidatorFactory-scoped message interpolator.
2023-08-08 14:57:41,186 DEBUG [background-preinit][ValidatorFactoryConfigurationHelper.java:375] - HV000234: Using org.hibernate.validator.messageinterpolation.ResourceBundleMessageInterpolator as ValidatorFactory-scoped message interpolator.
2023-08-08 14:57:41,187 DEBUG [background-preinit][ValidatorFactoryConfigurationHelper.java:376] - HV000234: Using org.hibernate.validator.internal.engine.resolver.TraverseAllTraversableResolver as ValidatorFactory-scoped traversable resolver.
2023-08-08 14:57:41,187 DEBUG [background-preinit][ValidatorFactoryConfigurationHelper.java:376] - HV000234: Using org.hibernate.validator.internal.engine.resolver.TraverseAllTraversableResolver as ValidatorFactory-scoped traversable resolver.
2023-08-08 14:57:41,187 DEBUG [background-preinit][ValidatorFactoryConfigurationHelper.java:377] - HV000234: Using org.hibernate.validator.internal.util.ExecutableParameterNameProvider as ValidatorFactory-scoped parameter name provider.
2023-08-08 14:57:41,187 DEBUG [background-preinit][ValidatorFactoryConfigurationHelper.java:377] - HV000234: Using org.hibernate.validator.internal.util.ExecutableParameterNameProvider as ValidatorFactory-scoped parameter name provider.
2023-08-08 14:57:41,187 DEBUG [background-preinit][ValidatorFactoryConfigurationHelper.java:378] - HV000234: Using org.hibernate.validator.internal.engine.DefaultClockProvider as ValidatorFactory-scoped clock provider.
2023-08-08 14:57:41,187 DEBUG [background-preinit][ValidatorFactoryConfigurationHelper.java:378] - HV000234: Using org.hibernate.validator.internal.engine.DefaultClockProvider as ValidatorFactory-scoped clock provider.
2023-08-08 14:57:41,187 DEBUG [background-preinit][ValidatorFactoryConfigurationHelper.java:379] - HV000234: Using org.hibernate.validator.internal.engine.scripting.DefaultScriptEvaluatorFactory as ValidatorFactory-scoped script evaluator factory.
2023-08-08 14:57:41,187 DEBUG [background-preinit][ValidatorFactoryConfigurationHelper.java:379] - HV000234: Using org.hibernate.validator.internal.engine.scripting.DefaultScriptEvaluatorFactory as ValidatorFactory-scoped script evaluator factory.
2023-08-08 14:57:41,372 INFO [main][SpringApplication.java:651] - No active profile set, falling back to default profiles: default
2023-08-08 14:57:41,372 INFO [main][SpringApplication.java:651] - No active profile set, falling back to default profiles: default
2023-08-08 14:57:41,993 DEBUG [main][LogFactory.java:105] - Logging initialized using 'class org.apache.ibatis.logging.slf4j.Slf4jImpl' adapter.
2023-08-08 14:57:41,993 DEBUG [main][LogFactory.java:105] - Logging initialized using 'class org.apache.ibatis.logging.slf4j.Slf4jImpl' adapter.
2023-08-08 14:57:42,055 INFO [main][GenericScope.java:295] - BeanFactory id=efdad792-de35-3d62-8ff1-f74a42cf11b9
2023-08-08 14:57:42,055 INFO [main][GenericScope.java:295] - BeanFactory id=efdad792-de35-3d62-8ff1-f74a42cf11b9
2023-08-08 14:57:42,310 INFO [main][TomcatWebServer.java:108] - Tomcat initialized with port(s): 6002 (http)
2023-08-08 14:57:42,310 INFO [main][TomcatWebServer.java:108] - Tomcat initialized with port(s): 6002 (http)
2023-08-08 14:57:42,319 INFO [main][DirectJDKLog.java:173] - Initializing ProtocolHandler ["http-nio-6002"]
2023-08-08 14:57:42,319 INFO [main][DirectJDKLog.java:173] - Initializing ProtocolHandler ["http-nio-6002"]
2023-08-08 14:57:42,319 INFO [main][DirectJDKLog.java:173] - Starting service [Tomcat]
2023-08-08 14:57:42,319 INFO [main][DirectJDKLog.java:173] - Starting service [Tomcat]
2023-08-08 14:57:42,320 INFO [main][DirectJDKLog.java:173] - Starting Servlet engine: [Apache Tomcat/9.0.41]
2023-08-08 14:57:42,320 INFO [main][DirectJDKLog.java:173] - Starting Servlet engine: [Apache Tomcat/9.0.41]
2023-08-08 14:57:42,408 INFO [main][DirectJDKLog.java:173] - Initializing Spring embedded WebApplicationContext
2023-08-08 14:57:42,408 INFO [main][DirectJDKLog.java:173] - Initializing Spring embedded WebApplicationContext
2023-08-08 14:57:42,409 INFO [main][ServletWebServerApplicationContext.java:285] - Root WebApplicationContext: initialization completed in 1024 ms
2023-08-08 14:57:42,409 INFO [main][ServletWebServerApplicationContext.java:285] - Root WebApplicationContext: initialization completed in 1024 ms
2023-08-08 14:57:42,534 DEBUG [main][HikariConfig.java:946] - Driver class com.mysql.cj.jdbc.Driver found in Thread context class loader sun.misc.Launcher$AppClassLoader@18b4aac2
2023-08-08 14:57:42,534 DEBUG [main][HikariConfig.java:946] - Driver class com.mysql.cj.jdbc.Driver found in Thread context class loader sun.misc.Launcher$AppClassLoader@18b4aac2
2023-08-08 14:57:42,581 DEBUG [main][Logger.java:49] - Registered plugin: 'com.baomidou.mybatisplus.extension.plugins.MybatisPlusInterceptor@2f897dab'
2023-08-08 14:57:42,581 DEBUG [main][Logger.java:49] - Registered plugin: 'com.baomidou.mybatisplus.extension.plugins.MybatisPlusInterceptor@2f897dab'
2023-08-08 14:57:42,582 DEBUG [main][Logger.java:49] - Property 'mapperLocations' was not specified.
2023-08-08 14:57:42,582 DEBUG [main][Logger.java:49] - Property 'mapperLocations' was not specified.
2023-08-08 14:57:42,991 DEBUG [main][MybatisConfiguration.java:128] - addMappedStatement: com.xuecheng.system.mapper.DictionaryMapper.insert
2023-08-08 14:57:42,991 DEBUG [main][MybatisConfiguration.java:128] - addMappedStatement: com.xuecheng.system.mapper.DictionaryMapper.insert
2023-08-08 14:57:42,995 DEBUG [main][MybatisConfiguration.java:128] - addMappedStatement: com.xuecheng.system.mapper.DictionaryMapper.delete
2023-08-08 14:57:42,995 DEBUG [main][MybatisConfiguration.java:128] - addMappedStatement: com.xuecheng.system.mapper.DictionaryMapper.delete
2023-08-08 14:57:42,997 DEBUG [main][MybatisConfiguration.java:128] - addMappedStatement: com.xuecheng.system.mapper.DictionaryMapper.deleteByMap
2023-08-08 14:57:42,997 DEBUG [main][MybatisConfiguration.java:128] - addMappedStatement: com.xuecheng.system.mapper.DictionaryMapper.deleteByMap
2023-08-08 14:57:43,012 DEBUG [main][MybatisConfiguration.java:128] - addMappedStatement: com.xuecheng.system.mapper.DictionaryMapper.deleteById
2023-08-08 14:57:43,012 DEBUG [main][MybatisConfiguration.java:128] - addMappedStatement: com.xuecheng.system.mapper.DictionaryMapper.deleteById
2023-08-08 14:57:43,014 DEBUG [main][MybatisConfiguration.java:128] - addMappedStatement: com.xuecheng.system.mapper.DictionaryMapper.deleteBatchIds
2023-08-08 14:57:43,014 DEBUG [main][MybatisConfiguration.java:128] - addMappedStatement: com.xuecheng.system.mapper.DictionaryMapper.deleteBatchIds
2023-08-08 14:57:43,017 DEBUG [main][MybatisConfiguration.java:128] - addMappedStatement: com.xuecheng.system.mapper.DictionaryMapper.update
2023-08-08 14:57:43,017 DEBUG [main][MybatisConfiguration.java:128] - addMappedStatement: com.xuecheng.system.mapper.DictionaryMapper.update
2023-08-08 14:57:43,019 DEBUG [main][MybatisConfiguration.java:128] - addMappedStatement: com.xuecheng.system.mapper.DictionaryMapper.updateById
2023-08-08 14:57:43,019 DEBUG [main][MybatisConfiguration.java:128] - addMappedStatement: com.xuecheng.system.mapper.DictionaryMapper.updateById
2023-08-08 14:57:43,020 DEBUG [main][MybatisConfiguration.java:128] - addMappedStatement: com.xuecheng.system.mapper.DictionaryMapper.selectById
2023-08-08 14:57:43,020 DEBUG [main][MybatisConfiguration.java:128] - addMappedStatement: com.xuecheng.system.mapper.DictionaryMapper.selectById
2023-08-08 14:57:43,022 DEBUG [main][MybatisConfiguration.java:128] - addMappedStatement: com.xuecheng.system.mapper.DictionaryMapper.selectBatchIds
2023-08-08 14:57:43,022 DEBUG [main][MybatisConfiguration.java:128] - addMappedStatement: com.xuecheng.system.mapper.DictionaryMapper.selectBatchIds
2023-08-08 14:57:43,024 DEBUG [main][MybatisConfiguration.java:128] - addMappedStatement: com.xuecheng.system.mapper.DictionaryMapper.selectByMap
2023-08-08 14:57:43,024 DEBUG [main][MybatisConfiguration.java:128] - addMappedStatement: com.xuecheng.system.mapper.DictionaryMapper.selectByMap
2023-08-08 14:57:43,026 DEBUG [main][MybatisConfiguration.java:128] - addMappedStatement: com.xuecheng.system.mapper.DictionaryMapper.selectOne
2023-08-08 14:57:43,026 DEBUG [main][MybatisConfiguration.java:128] - addMappedStatement: com.xuecheng.system.mapper.DictionaryMapper.selectOne
2023-08-08 14:57:43,028 DEBUG [main][MybatisConfiguration.java:128] - addMappedStatement: com.xuecheng.system.mapper.DictionaryMapper.selectCount
2023-08-08 14:57:43,028 DEBUG [main][MybatisConfiguration.java:128] - addMappedStatement: com.xuecheng.system.mapper.DictionaryMapper.selectCount
2023-08-08 14:57:43,030 DEBUG [main][MybatisConfiguration.java:128] - addMappedStatement: com.xuecheng.system.mapper.DictionaryMapper.selectMaps
2023-08-08 14:57:43,030 DEBUG [main][MybatisConfiguration.java:128] - addMappedStatement: com.xuecheng.system.mapper.DictionaryMapper.selectMaps
2023-08-08 14:57:43,033 DEBUG [main][MybatisConfiguration.java:128] - addMappedStatement: com.xuecheng.system.mapper.DictionaryMapper.selectMapsPage
2023-08-08 14:57:43,033 DEBUG [main][MybatisConfiguration.java:128] - addMappedStatement: com.xuecheng.system.mapper.DictionaryMapper.selectMapsPage
2023-08-08 14:57:43,035 DEBUG [main][MybatisConfiguration.java:128] - addMappedStatement: com.xuecheng.system.mapper.DictionaryMapper.selectObjs
2023-08-08 14:57:43,035 DEBUG [main][MybatisConfiguration.java:128] - addMappedStatement: com.xuecheng.system.mapper.DictionaryMapper.selectObjs
2023-08-08 14:57:43,037 DEBUG [main][MybatisConfiguration.java:128] - addMappedStatement: com.xuecheng.system.mapper.DictionaryMapper.selectList
2023-08-08 14:57:43,037 DEBUG [main][MybatisConfiguration.java:128] - addMappedStatement: com.xuecheng.system.mapper.DictionaryMapper.selectList
2023-08-08 14:57:43,039 DEBUG [main][MybatisConfiguration.java:128] - addMappedStatement: com.xuecheng.system.mapper.DictionaryMapper.selectPage
2023-08-08 14:57:43,039 DEBUG [main][MybatisConfiguration.java:128] - addMappedStatement: com.xuecheng.system.mapper.DictionaryMapper.selectPage
2023-08-08 14:57:43,322 INFO [main][PropertySourcedRequestMappingHandlerMapping.java:69] - Mapped URL path [/v2/api-docs] onto method [springfox.documentation.swagger2.web.Swagger2Controller#getDocumentation(String, HttpServletRequest)]
2023-08-08 14:57:43,322 INFO [main][PropertySourcedRequestMappingHandlerMapping.java:69] - Mapped URL path [/v2/api-docs] onto method [springfox.documentation.swagger2.web.Swagger2Controller#getDocumentation(String, HttpServletRequest)]
2023-08-08 14:57:43,346 DEBUG [main][ResourceBundleMessageInterpolator.java:172] - Loaded expression factory via original TCCL
2023-08-08 14:57:43,346 DEBUG [main][ResourceBundleMessageInterpolator.java:172] - Loaded expression factory via original TCCL
2023-08-08 14:57:43,348 DEBUG [main][AbstractConfigurationImpl.java:171] - Setting custom MessageInterpolator of type org.springframework.validation.beanvalidation.LocaleContextMessageInterpolator
2023-08-08 14:57:43,348 DEBUG [main][AbstractConfigurationImpl.java:171] - Setting custom MessageInterpolator of type org.springframework.validation.beanvalidation.LocaleContextMessageInterpolator
2023-08-08 14:57:43,348 DEBUG [main][AbstractConfigurationImpl.java:203] - Setting custom ConstraintValidatorFactory of type org.springframework.validation.beanvalidation.SpringConstraintValidatorFactory
2023-08-08 14:57:43,348 DEBUG [main][AbstractConfigurationImpl.java:203] - Setting custom ConstraintValidatorFactory of type org.springframework.validation.beanvalidation.SpringConstraintValidatorFactory
2023-08-08 14:57:43,349 DEBUG [main][AbstractConfigurationImpl.java:217] - Setting custom ParameterNameProvider of type org.springframework.validation.beanvalidation.LocalValidatorFactoryBean$1
2023-08-08 14:57:43,349 DEBUG [main][AbstractConfigurationImpl.java:217] - Setting custom ParameterNameProvider of type org.springframework.validation.beanvalidation.LocalValidatorFactoryBean$1
2023-08-08 14:57:43,349 DEBUG [main][ValidationXmlParser.java:120] - Trying to load META-INF/validation.xml for XML based Validator configuration.
2023-08-08 14:57:43,349 DEBUG [main][ValidationXmlParser.java:120] - Trying to load META-INF/validation.xml for XML based Validator configuration.
2023-08-08 14:57:43,350 DEBUG [main][ResourceLoaderHelper.java:53] - Trying to load META-INF/validation.xml via user class loader
2023-08-08 14:57:43,350 DEBUG [main][ResourceLoaderHelper.java:53] - Trying to load META-INF/validation.xml via user class loader
2023-08-08 14:57:43,350 DEBUG [main][ResourceLoaderHelper.java:60] - Trying to load META-INF/validation.xml via TCCL
2023-08-08 14:57:43,350 DEBUG [main][ResourceLoaderHelper.java:60] - Trying to load META-INF/validation.xml via TCCL
2023-08-08 14:57:43,350 DEBUG [main][ResourceLoaderHelper.java:66] - Trying to load META-INF/validation.xml via Hibernate Validator's class loader
2023-08-08 14:57:43,350 DEBUG [main][ResourceLoaderHelper.java:66] - Trying to load META-INF/validation.xml via Hibernate Validator's class loader
2023-08-08 14:57:43,350 DEBUG [main][ValidationXmlParser.java:127] - No META-INF/validation.xml found. Using annotation based configuration only.
2023-08-08 14:57:43,350 DEBUG [main][ValidationXmlParser.java:127] - No META-INF/validation.xml found. Using annotation based configuration only.
2023-08-08 14:57:43,351 DEBUG [main][TraversableResolvers.java:60] - Cannot find javax.persistence.Persistence on classpath. Assuming non JPA 2 environment. All properties will per default be traversable.
2023-08-08 14:57:43,351 DEBUG [main][TraversableResolvers.java:60] - Cannot find javax.persistence.Persistence on classpath. Assuming non JPA 2 environment. All properties will per default be traversable.
2023-08-08 14:57:43,353 DEBUG [main][ValidatorFactoryConfigurationHelper.java:300] - HV000252: Using org.hibernate.validator.internal.engine.DefaultPropertyNodeNameProvider as property node name provider.
2023-08-08 14:57:43,353 DEBUG [main][ValidatorFactoryConfigurationHelper.java:300] - HV000252: Using org.hibernate.validator.internal.engine.DefaultPropertyNodeNameProvider as property node name provider.
2023-08-08 14:57:43,353 DEBUG [main][ValidatorFactoryConfigurationHelper.java:375] - HV000234: Using org.springframework.validation.beanvalidation.LocaleContextMessageInterpolator as ValidatorFactory-scoped message interpolator.
2023-08-08 14:57:43,353 DEBUG [main][ValidatorFactoryConfigurationHelper.java:375] - HV000234: Using org.springframework.validation.beanvalidation.LocaleContextMessageInterpolator as ValidatorFactory-scoped message interpolator.
2023-08-08 14:57:43,354 DEBUG [main][ValidatorFactoryConfigurationHelper.java:376] - HV000234: Using org.hibernate.validator.internal.engine.resolver.TraverseAllTraversableResolver as ValidatorFactory-scoped traversable resolver.
2023-08-08 14:57:43,354 DEBUG [main][ValidatorFactoryConfigurationHelper.java:376] - HV000234: Using org.hibernate.validator.internal.engine.resolver.TraverseAllTraversableResolver as ValidatorFactory-scoped traversable resolver.
2023-08-08 14:57:43,354 DEBUG [main][ValidatorFactoryConfigurationHelper.java:377] - HV000234: Using org.hibernate.validator.internal.util.ExecutableParameterNameProvider as ValidatorFactory-scoped parameter name provider.
2023-08-08 14:57:43,354 DEBUG [main][ValidatorFactoryConfigurationHelper.java:377] - HV000234: Using org.hibernate.validator.internal.util.ExecutableParameterNameProvider as ValidatorFactory-scoped parameter name provider.
2023-08-08 14:57:43,354 DEBUG [main][ValidatorFactoryConfigurationHelper.java:378] - HV000234: Using org.hibernate.validator.internal.engine.DefaultClockProvider as ValidatorFactory-scoped clock provider.
2023-08-08 14:57:43,354 DEBUG [main][ValidatorFactoryConfigurationHelper.java:378] - HV000234: Using org.hibernate.validator.internal.engine.DefaultClockProvider as ValidatorFactory-scoped clock provider.
2023-08-08 14:57:43,354 DEBUG [main][ValidatorFactoryConfigurationHelper.java:379] - HV000234: Using org.hibernate.validator.internal.engine.scripting.DefaultScriptEvaluatorFactory as ValidatorFactory-scoped script evaluator factory.
2023-08-08 14:57:43,354 DEBUG [main][ValidatorFactoryConfigurationHelper.java:379] - HV000234: Using org.hibernate.validator.internal.engine.scripting.DefaultScriptEvaluatorFactory as ValidatorFactory-scoped script evaluator factory.
2023-08-08 14:57:43,412 INFO [main][ExecutorConfigurationSupport.java:181] - Initializing ExecutorService 'applicationTaskExecutor'
2023-08-08 14:57:43,412 INFO [main][ExecutorConfigurationSupport.java:181] - Initializing ExecutorService 'applicationTaskExecutor'
2023-08-08 14:57:43,519 INFO [main][ExecutorConfigurationSupport.java:181] - Initializing ExecutorService 'taskScheduler'
2023-08-08 14:57:43,519 INFO [main][ExecutorConfigurationSupport.java:181] - Initializing ExecutorService 'taskScheduler'
2023-08-08 14:57:43,578 INFO [main][DirectJDKLog.java:173] - Starting ProtocolHandler ["http-nio-6002"]
2023-08-08 14:57:43,578 INFO [main][DirectJDKLog.java:173] - Starting ProtocolHandler ["http-nio-6002"]
2023-08-08 14:57:43,596 INFO [main][TomcatWebServer.java:220] - Tomcat started on port(s): 6002 (http) with context path '/system'
2023-08-08 14:57:43,596 INFO [main][TomcatWebServer.java:220] - Tomcat started on port(s): 6002 (http) with context path '/system'
2023-08-08 14:57:43,598 INFO [main][DocumentationPluginsBootstrapper.java:160] - Context refreshed
2023-08-08 14:57:43,598 INFO [main][DocumentationPluginsBootstrapper.java:160] - Context refreshed
2023-08-08 14:57:43,619 INFO [main][DocumentationPluginsBootstrapper.java:163] - Found 1 custom documentation plugin(s)
2023-08-08 14:57:43,619 INFO [main][DocumentationPluginsBootstrapper.java:163] - Found 1 custom documentation plugin(s)
2023-08-08 14:57:43,651 INFO [main][ApiListingReferenceScanner.java:41] - Scanning for api listing references
2023-08-08 14:57:43,651 INFO [main][ApiListingReferenceScanner.java:41] - Scanning for api listing references
2023-08-08 14:57:43,765 INFO [main][StartupInfoLogger.java:61] - Started SystemApplication in 3.117 seconds (JVM running for 4.037)
2023-08-08 14:57:43,765 INFO [main][StartupInfoLogger.java:61] - Started SystemApplication in 3.117 seconds (JVM running for 4.037)
2023-08-08 14:59:15,535 INFO [http-nio-6002-exec-1][DirectJDKLog.java:173] - Initializing Spring DispatcherServlet 'dispatcherServlet'
2023-08-08 14:59:15,535 INFO [http-nio-6002-exec-1][DirectJDKLog.java:173] - Initializing Spring DispatcherServlet 'dispatcherServlet'
2023-08-08 14:59:15,536 INFO [http-nio-6002-exec-1][FrameworkServlet.java:525] - Initializing Servlet 'dispatcherServlet'
2023-08-08 14:59:15,536 INFO [http-nio-6002-exec-1][FrameworkServlet.java:525] - Initializing Servlet 'dispatcherServlet'
2023-08-08 14:59:15,542 INFO [http-nio-6002-exec-1][FrameworkServlet.java:547] - Completed initialization in 6 ms
2023-08-08 14:59:15,542 INFO [http-nio-6002-exec-1][FrameworkServlet.java:547] - Completed initialization in 6 ms
2023-08-08 14:59:15,625 DEBUG [http-nio-6002-exec-1][HikariConfig.java:1066] - HikariPool-1 - configuration:
2023-08-08 14:59:15,625 DEBUG [http-nio-6002-exec-1][HikariConfig.java:1066] - HikariPool-1 - configuration:
2023-08-08 14:59:15,626 DEBUG [http-nio-6002-exec-1][HikariConfig.java:1098] - allowPoolSuspension.............false
2023-08-08 14:59:15,626 DEBUG [http-nio-6002-exec-1][HikariConfig.java:1098] - allowPoolSuspension.............false
2023-08-08 14:59:15,626 DEBUG [http-nio-6002-exec-1][HikariConfig.java:1098] - autoCommit......................true
2023-08-08 14:59:15,626 DEBUG [http-nio-6002-exec-1][HikariConfig.java:1098] - autoCommit......................true
2023-08-08 14:59:15,626 DEBUG [http-nio-6002-exec-1][HikariConfig.java:1098] - catalog.........................none
2023-08-08 14:59:15,626 DEBUG [http-nio-6002-exec-1][HikariConfig.java:1098] - catalog.........................none
2023-08-08 14:59:15,627 DEBUG [http-nio-6002-exec-1][HikariConfig.java:1098] - connectionInitSql...............none
2023-08-08 14:59:15,627 DEBUG [http-nio-6002-exec-1][HikariConfig.java:1098] - connectionInitSql...............none
2023-08-08 14:59:15,627 DEBUG [http-nio-6002-exec-1][HikariConfig.java:1098] - connectionTestQuery.............none
2023-08-08 14:59:15,627 DEBUG [http-nio-6002-exec-1][HikariConfig.java:1098] - connectionTestQuery.............none
2023-08-08 14:59:15,627 DEBUG [http-nio-6002-exec-1][HikariConfig.java:1098] - connectionTimeout...............30000
2023-08-08 14:59:15,627 DEBUG [http-nio-6002-exec-1][HikariConfig.java:1098] - connectionTimeout...............30000
2023-08-08 14:59:15,627 DEBUG [http-nio-6002-exec-1][HikariConfig.java:1098] - dataSource......................none
2023-08-08 14:59:15,627 DEBUG [http-nio-6002-exec-1][HikariConfig.java:1098] - dataSource......................none
2023-08-08 14:59:15,627 DEBUG [http-nio-6002-exec-1][HikariConfig.java:1098] - dataSourceClassName.............none
2023-08-08 14:59:15,627 DEBUG [http-nio-6002-exec-1][HikariConfig.java:1098] - dataSourceClassName.............none
2023-08-08 14:59:15,628 DEBUG [http-nio-6002-exec-1][HikariConfig.java:1098] - dataSourceJNDI..................none
2023-08-08 14:59:15,628 DEBUG [http-nio-6002-exec-1][HikariConfig.java:1098] - dataSourceJNDI..................none
2023-08-08 14:59:15,628 DEBUG [http-nio-6002-exec-1][HikariConfig.java:1098] - dataSourceProperties............{password=<masked>}
2023-08-08 14:59:15,628 DEBUG [http-nio-6002-exec-1][HikariConfig.java:1098] - dataSourceProperties............{password=<masked>}
2023-08-08 14:59:15,628 DEBUG [http-nio-6002-exec-1][HikariConfig.java:1098] - driverClassName................."com.mysql.cj.jdbc.Driver"
2023-08-08 14:59:15,628 DEBUG [http-nio-6002-exec-1][HikariConfig.java:1098] - driverClassName................."com.mysql.cj.jdbc.Driver"
2023-08-08 14:59:15,628 DEBUG [http-nio-6002-exec-1][HikariConfig.java:1098] - exceptionOverrideClassName......none
2023-08-08 14:59:15,628 DEBUG [http-nio-6002-exec-1][HikariConfig.java:1098] - exceptionOverrideClassName......none
2023-08-08 14:59:15,629 DEBUG [http-nio-6002-exec-1][HikariConfig.java:1098] - healthCheckProperties...........{}
2023-08-08 14:59:15,629 DEBUG [http-nio-6002-exec-1][HikariConfig.java:1098] - healthCheckProperties...........{}
2023-08-08 14:59:15,629 DEBUG [http-nio-6002-exec-1][HikariConfig.java:1098] - healthCheckRegistry.............none
2023-08-08 14:59:15,629 DEBUG [http-nio-6002-exec-1][HikariConfig.java:1098] - healthCheckRegistry.............none
2023-08-08 14:59:15,629 DEBUG [http-nio-6002-exec-1][HikariConfig.java:1098] - idleTimeout.....................600000
2023-08-08 14:59:15,629 DEBUG [http-nio-6002-exec-1][HikariConfig.java:1098] - idleTimeout.....................600000
2023-08-08 14:59:15,629 DEBUG [http-nio-6002-exec-1][HikariConfig.java:1098] - initializationFailTimeout.......1
2023-08-08 14:59:15,629 DEBUG [http-nio-6002-exec-1][HikariConfig.java:1098] - initializationFailTimeout.......1
2023-08-08 14:59:15,629 DEBUG [http-nio-6002-exec-1][HikariConfig.java:1098] - isolateInternalQueries..........false
2023-08-08 14:59:15,629 DEBUG [http-nio-6002-exec-1][HikariConfig.java:1098] - isolateInternalQueries..........false
2023-08-08 14:59:15,630 DEBUG [http-nio-6002-exec-1][HikariConfig.java:1098] - jdbcUrl.........................jdbc:mysql://192.168.117.128:2222/xcplus_system?serverTimezone=UTC&userUnicode=true&useSSL=false&
2023-08-08 14:59:15,630 DEBUG [http-nio-6002-exec-1][HikariConfig.java:1098] - jdbcUrl.........................jdbc:mysql://192.168.117.128:2222/xcplus_system?serverTimezone=UTC&userUnicode=true&useSSL=false&
2023-08-08 14:59:15,630 DEBUG [http-nio-6002-exec-1][HikariConfig.java:1098] - leakDetectionThreshold..........0
2023-08-08 14:59:15,630 DEBUG [http-nio-6002-exec-1][HikariConfig.java:1098] - leakDetectionThreshold..........0
2023-08-08 14:59:15,630 DEBUG [http-nio-6002-exec-1][HikariConfig.java:1098] - maxLifetime.....................1800000
2023-08-08 14:59:15,630 DEBUG [http-nio-6002-exec-1][HikariConfig.java:1098] - maxLifetime.....................1800000
2023-08-08 14:59:15,630 DEBUG [http-nio-6002-exec-1][HikariConfig.java:1098] - maximumPoolSize.................10
2023-08-08 14:59:15,630 DEBUG [http-nio-6002-exec-1][HikariConfig.java:1098] - maximumPoolSize.................10
2023-08-08 14:59:15,630 DEBUG [http-nio-6002-exec-1][HikariConfig.java:1098] - metricRegistry..................none
2023-08-08 14:59:15,630 DEBUG [http-nio-6002-exec-1][HikariConfig.java:1098] - metricRegistry..................none
2023-08-08 14:59:15,631 DEBUG [http-nio-6002-exec-1][HikariConfig.java:1098] - metricsTrackerFactory...........none
2023-08-08 14:59:15,631 DEBUG [http-nio-6002-exec-1][HikariConfig.java:1098] - metricsTrackerFactory...........none
2023-08-08 14:59:15,631 DEBUG [http-nio-6002-exec-1][HikariConfig.java:1098] - minimumIdle.....................10
2023-08-08 14:59:15,631 DEBUG [http-nio-6002-exec-1][HikariConfig.java:1098] - minimumIdle.....................10
2023-08-08 14:59:15,631 DEBUG [http-nio-6002-exec-1][HikariConfig.java:1098] - password........................<masked>
2023-08-08 14:59:15,631 DEBUG [http-nio-6002-exec-1][HikariConfig.java:1098] - password........................<masked>
2023-08-08 14:59:15,631 DEBUG [http-nio-6002-exec-1][HikariConfig.java:1098] - poolName........................"HikariPool-1"
2023-08-08 14:59:15,631 DEBUG [http-nio-6002-exec-1][HikariConfig.java:1098] - poolName........................"HikariPool-1"
2023-08-08 14:59:15,631 DEBUG [http-nio-6002-exec-1][HikariConfig.java:1098] - readOnly........................false
2023-08-08 14:59:15,631 DEBUG [http-nio-6002-exec-1][HikariConfig.java:1098] - readOnly........................false
2023-08-08 14:59:15,631 DEBUG [http-nio-6002-exec-1][HikariConfig.java:1098] - registerMbeans..................false
2023-08-08 14:59:15,631 DEBUG [http-nio-6002-exec-1][HikariConfig.java:1098] - registerMbeans..................false
2023-08-08 14:59:15,631 DEBUG [http-nio-6002-exec-1][HikariConfig.java:1098] - scheduledExecutor...............none
2023-08-08 14:59:15,631 DEBUG [http-nio-6002-exec-1][HikariConfig.java:1098] - scheduledExecutor...............none
2023-08-08 14:59:15,632 DEBUG [http-nio-6002-exec-1][HikariConfig.java:1098] - schema..........................none
2023-08-08 14:59:15,632 DEBUG [http-nio-6002-exec-1][HikariConfig.java:1098] - schema..........................none
2023-08-08 14:59:15,632 DEBUG [http-nio-6002-exec-1][HikariConfig.java:1098] - threadFactory...................internal
2023-08-08 14:59:15,632 DEBUG [http-nio-6002-exec-1][HikariConfig.java:1098] - threadFactory...................internal
2023-08-08 14:59:15,632 DEBUG [http-nio-6002-exec-1][HikariConfig.java:1098] - transactionIsolation............default
2023-08-08 14:59:15,632 DEBUG [http-nio-6002-exec-1][HikariConfig.java:1098] - transactionIsolation............default
2023-08-08 14:59:15,632 DEBUG [http-nio-6002-exec-1][HikariConfig.java:1098] - username........................"root"
2023-08-08 14:59:15,632 DEBUG [http-nio-6002-exec-1][HikariConfig.java:1098] - username........................"root"
2023-08-08 14:59:15,632 DEBUG [http-nio-6002-exec-1][HikariConfig.java:1098] - validationTimeout...............5000
2023-08-08 14:59:15,632 DEBUG [http-nio-6002-exec-1][HikariConfig.java:1098] - validationTimeout...............5000
2023-08-08 14:59:15,632 INFO [http-nio-6002-exec-1][HikariDataSource.java:110] - HikariPool-1 - Starting...
2023-08-08 14:59:15,632 INFO [http-nio-6002-exec-1][HikariDataSource.java:110] - HikariPool-1 - Starting...
2023-08-08 14:59:15,780 DEBUG [http-nio-6002-exec-1][HikariPool.java:564] - HikariPool-1 - Added connection com.mysql.cj.jdbc.ConnectionImpl@2dcae03a
2023-08-08 14:59:15,780 DEBUG [http-nio-6002-exec-1][HikariPool.java:564] - HikariPool-1 - Added connection com.mysql.cj.jdbc.ConnectionImpl@2dcae03a
2023-08-08 14:59:15,781 INFO [http-nio-6002-exec-1][HikariDataSource.java:123] - HikariPool-1 - Start completed.
2023-08-08 14:59:15,781 INFO [http-nio-6002-exec-1][HikariDataSource.java:123] - HikariPool-1 - Start completed.
2023-08-08 14:59:15,787 DEBUG [http-nio-6002-exec-1][BaseJdbcLogger.java:137] - ==>  Preparing: SELECT id,name,code,item_values FROM dictionary
2023-08-08 14:59:15,787 DEBUG [http-nio-6002-exec-1][BaseJdbcLogger.java:137] - ==>  Preparing: SELECT id,name,code,item_values FROM dictionary
2023-08-08 14:59:15,804 DEBUG [http-nio-6002-exec-1][BaseJdbcLogger.java:137] - ==> Parameters: 
2023-08-08 14:59:15,804 DEBUG [http-nio-6002-exec-1][BaseJdbcLogger.java:137] - ==> Parameters: 
2023-08-08 14:59:15,825 DEBUG [http-nio-6002-exec-1][BaseJdbcLogger.java:137] - <==      Total: 17
2023-08-08 14:59:15,825 DEBUG [http-nio-6002-exec-1][BaseJdbcLogger.java:137] - <==      Total: 17
2023-08-08 14:59:15,882 DEBUG [HikariPool-1 housekeeper][HikariPool.java:421] - HikariPool-1 - Pool stats (total=1, active=0, idle=1, waiting=0)
2023-08-08 14:59:15,882 DEBUG [HikariPool-1 housekeeper][HikariPool.java:421] - HikariPool-1 - Pool stats (total=1, active=0, idle=1, waiting=0)
2023-08-08 14:59:15,891 DEBUG [HikariPool-1 connection adder][HikariPool.java:728] - HikariPool-1 - Added connection com.mysql.cj.jdbc.ConnectionImpl@5c22bd9e
2023-08-08 14:59:15,891 DEBUG [HikariPool-1 connection adder][HikariPool.java:728] - HikariPool-1 - Added connection com.mysql.cj.jdbc.ConnectionImpl@5c22bd9e
2023-08-08 14:59:15,900 DEBUG [HikariPool-1 connection adder][HikariPool.java:728] - HikariPool-1 - Added connection com.mysql.cj.jdbc.ConnectionImpl@1d1fb7a5
2023-08-08 14:59:15,900 DEBUG [HikariPool-1 connection adder][HikariPool.java:728] - HikariPool-1 - Added connection com.mysql.cj.jdbc.ConnectionImpl@1d1fb7a5
2023-08-08 14:59:15,908 DEBUG [HikariPool-1 connection adder][HikariPool.java:728] - HikariPool-1 - Added connection com.mysql.cj.jdbc.ConnectionImpl@2c48ca17
2023-08-08 14:59:15,908 DEBUG [HikariPool-1 connection adder][HikariPool.java:728] - HikariPool-1 - Added connection com.mysql.cj.jdbc.ConnectionImpl@2c48ca17
2023-08-08 14:59:15,918 DEBUG [HikariPool-1 connection adder][HikariPool.java:728] - HikariPool-1 - Added connection com.mysql.cj.jdbc.ConnectionImpl@7d3048ea
2023-08-08 14:59:15,918 DEBUG [HikariPool-1 connection adder][HikariPool.java:728] - HikariPool-1 - Added connection com.mysql.cj.jdbc.ConnectionImpl@7d3048ea
2023-08-08 14:59:15,930 DEBUG [HikariPool-1 connection adder][HikariPool.java:728] - HikariPool-1 - Added connection com.mysql.cj.jdbc.ConnectionImpl@839e8b0
2023-08-08 14:59:15,930 DEBUG [HikariPool-1 connection adder][HikariPool.java:728] - HikariPool-1 - Added connection com.mysql.cj.jdbc.ConnectionImpl@839e8b0
2023-08-08 14:59:15,940 DEBUG [HikariPool-1 connection adder][HikariPool.java:728] - HikariPool-1 - Added connection com.mysql.cj.jdbc.ConnectionImpl@797ed173
2023-08-08 14:59:15,940 DEBUG [HikariPool-1 connection adder][HikariPool.java:728] - HikariPool-1 - Added connection com.mysql.cj.jdbc.ConnectionImpl@797ed173
2023-08-08 14:59:15,951 DEBUG [HikariPool-1 connection adder][HikariPool.java:728] - HikariPool-1 - Added connection com.mysql.cj.jdbc.ConnectionImpl@33f3d188
2023-08-08 14:59:15,951 DEBUG [HikariPool-1 connection adder][HikariPool.java:728] - HikariPool-1 - Added connection com.mysql.cj.jdbc.ConnectionImpl@33f3d188
2023-08-08 14:59:15,959 DEBUG [HikariPool-1 connection adder][HikariPool.java:728] - HikariPool-1 - Added connection com.mysql.cj.jdbc.ConnectionImpl@7b4851c
2023-08-08 14:59:15,959 DEBUG [HikariPool-1 connection adder][HikariPool.java:728] - HikariPool-1 - Added connection com.mysql.cj.jdbc.ConnectionImpl@7b4851c
2023-08-08 14:59:15,969 DEBUG [HikariPool-1 connection adder][HikariPool.java:728] - HikariPool-1 - Added connection com.mysql.cj.jdbc.ConnectionImpl@e9e68c8
2023-08-08 14:59:15,969 DEBUG [HikariPool-1 connection adder][HikariPool.java:728] - HikariPool-1 - Added connection com.mysql.cj.jdbc.ConnectionImpl@e9e68c8
2023-08-08 14:59:15,969 DEBUG [HikariPool-1 connection adder][HikariPool.java:421] - HikariPool-1 - After adding stats (total=10, active=0, idle=10, waiting=0)
2023-08-08 14:59:15,969 DEBUG [HikariPool-1 connection adder][HikariPool.java:421] - HikariPool-1 - After adding stats (total=10, active=0, idle=10, waiting=0)
2023-08-08 14:59:45,884 DEBUG [HikariPool-1 housekeeper][HikariPool.java:421] - HikariPool-1 - Pool stats (total=10, active=0, idle=10, waiting=0)
2023-08-08 14:59:45,884 DEBUG [HikariPool-1 housekeeper][HikariPool.java:421] - HikariPool-1 - Pool stats (total=10, active=0, idle=10, waiting=0)
2023-08-08 14:59:45,884 DEBUG [HikariPool-1 housekeeper][HikariPool.java:517] - HikariPool-1 - Fill pool skipped, pool is at sufficient level.
2023-08-08 14:59:45,884 DEBUG [HikariPool-1 housekeeper][HikariPool.java:517] - HikariPool-1 - Fill pool skipped, pool is at sufficient level.
